<?xml version="1.0" encoding="UTF-8"?>
<testsuite name="com.target.retail.api.RetailApiApplicationTests" tests="1" skipped="0" failures="0" errors="0" timestamp="2019-07-05T03:25:02" hostname="Jegans-MacBook-Pro.local" time="0.197">
  <properties/>
  <testcase name="contextLoads" classname="com.target.retail.api.RetailApiApplicationTests" time="0.197"/>
  <system-out><![CDATA[22:24:56.822 [Test worker] DEBUG org.springframework.test.context.junit4.SpringJUnit4ClassRunner - SpringJUnit4ClassRunner constructor called with [class com.target.retail.api.RetailApiApplicationTests]
22:24:56.829 [Test worker] DEBUG org.springframework.test.context.BootstrapUtils - Instantiating CacheAwareContextLoaderDelegate from class [org.springframework.test.context.cache.DefaultCacheAwareContextLoaderDelegate]
22:24:56.840 [Test worker] DEBUG org.springframework.test.context.BootstrapUtils - Instantiating BootstrapContext using constructor [public org.springframework.test.context.support.DefaultBootstrapContext(java.lang.Class,org.springframework.test.context.CacheAwareContextLoaderDelegate)]
22:24:56.857 [Test worker] DEBUG org.springframework.test.context.BootstrapUtils - Instantiating TestContextBootstrapper for test class [com.target.retail.api.RetailApiApplicationTests] from class [org.springframework.boot.test.context.SpringBootTestContextBootstrapper]
22:24:56.870 [Test worker] INFO org.springframework.boot.test.context.SpringBootTestContextBootstrapper - Neither @ContextConfiguration nor @ContextHierarchy found for test class [com.target.retail.api.RetailApiApplicationTests], using SpringBootContextLoader
22:24:56.873 [Test worker] DEBUG org.springframework.test.context.support.AbstractContextLoader - Did not detect default resource location for test class [com.target.retail.api.RetailApiApplicationTests]: class path resource [com/target/retail/api/RetailApiApplicationTests-context.xml] does not exist
22:24:56.874 [Test worker] DEBUG org.springframework.test.context.support.AbstractContextLoader - Did not detect default resource location for test class [com.target.retail.api.RetailApiApplicationTests]: class path resource [com/target/retail/api/RetailApiApplicationTestsContext.groovy] does not exist
22:24:56.874 [Test worker] INFO org.springframework.test.context.support.AbstractContextLoader - Could not detect default resource locations for test class [com.target.retail.api.RetailApiApplicationTests]: no resource found for suffixes {-context.xml, Context.groovy}.
22:24:56.875 [Test worker] INFO org.springframework.test.context.support.AnnotationConfigContextLoaderUtils - Could not detect default configuration classes for test class [com.target.retail.api.RetailApiApplicationTests]: RetailApiApplicationTests does not declare any static, non-private, non-final, nested classes annotated with @Configuration.
22:24:56.915 [Test worker] DEBUG org.springframework.test.context.support.ActiveProfilesUtils - Could not find an 'annotation declaring class' for annotation type [org.springframework.test.context.ActiveProfiles] and class [com.target.retail.api.RetailApiApplicationTests]
22:24:56.981 [Test worker] DEBUG org.springframework.context.annotation.ClassPathScanningCandidateComponentProvider - Identified candidate component class: file [/Users/jeganshanmugam/Desktop/Jegan/Projects/retail-api/build/classes/java/main/com/target/retail/api/RetailApiApplication.class]
22:24:56.982 [Test worker] INFO org.springframework.boot.test.context.SpringBootTestContextBootstrapper - Found @SpringBootConfiguration com.target.retail.api.RetailApiApplication for test class com.target.retail.api.RetailApiApplicationTests
22:24:57.075 [Test worker] DEBUG org.springframework.boot.test.context.SpringBootTestContextBootstrapper - @TestExecutionListeners is not present for class [com.target.retail.api.RetailApiApplicationTests]: using defaults.
22:24:57.075 [Test worker] INFO org.springframework.boot.test.context.SpringBootTestContextBootstrapper - Loaded default TestExecutionListener class names from location [META-INF/spring.factories]: [org.springframework.boot.test.autoconfigure.restdocs.RestDocsTestExecutionListener, org.springframework.boot.test.autoconfigure.web.client.MockRestServiceServerResetTestExecutionListener, org.springframework.boot.test.autoconfigure.web.servlet.MockMvcPrintOnlyOnFailureTestExecutionListener, org.springframework.boot.test.autoconfigure.web.servlet.WebDriverTestExecutionListener, org.springframework.boot.test.mock.mockito.MockitoTestExecutionListener, org.springframework.boot.test.mock.mockito.ResetMocksTestExecutionListener, org.springframework.test.context.web.ServletTestExecutionListener, org.springframework.test.context.support.DirtiesContextBeforeModesTestExecutionListener, org.springframework.test.context.support.DependencyInjectionTestExecutionListener, org.springframework.test.context.support.DirtiesContextTestExecutionListener, org.springframework.test.context.transaction.TransactionalTestExecutionListener, org.springframework.test.context.jdbc.SqlScriptsTestExecutionListener]
22:24:57.089 [Test worker] INFO org.springframework.boot.test.context.SpringBootTestContextBootstrapper - Using TestExecutionListeners: [org.springframework.test.context.web.ServletTestExecutionListener@3d6f5ece, org.springframework.test.context.support.DirtiesContextBeforeModesTestExecutionListener@4f0906fc, org.springframework.boot.test.mock.mockito.MockitoTestExecutionListener@61287495, org.springframework.boot.test.autoconfigure.SpringBootDependencyInjectionTestExecutionListener@7c3eb02d, org.springframework.test.context.support.DirtiesContextTestExecutionListener@3be0084a, org.springframework.test.context.transaction.TransactionalTestExecutionListener@3cd9d72c, org.springframework.test.context.jdbc.SqlScriptsTestExecutionListener@1ef780fe, org.springframework.boot.test.autoconfigure.restdocs.RestDocsTestExecutionListener@17c1f4d5, org.springframework.boot.test.autoconfigure.web.client.MockRestServiceServerResetTestExecutionListener@2c580c3f, org.springframework.boot.test.autoconfigure.web.servlet.MockMvcPrintOnlyOnFailureTestExecutionListener@5ecade2f, org.springframework.boot.test.autoconfigure.web.servlet.WebDriverTestExecutionListener@7c184578, org.springframework.boot.test.mock.mockito.ResetMocksTestExecutionListener@64676172]
22:24:57.091 [Test worker] DEBUG org.springframework.test.annotation.ProfileValueUtils - Retrieved @ProfileValueSourceConfiguration [null] for test class [com.target.retail.api.RetailApiApplicationTests]
22:24:57.092 [Test worker] DEBUG org.springframework.test.annotation.ProfileValueUtils - Retrieved ProfileValueSource type [class org.springframework.test.annotation.SystemProfileValueSource] for class [com.target.retail.api.RetailApiApplicationTests]
22:24:57.092 [Test worker] DEBUG org.springframework.test.annotation.ProfileValueUtils - Retrieved @ProfileValueSourceConfiguration [null] for test class [com.target.retail.api.RetailApiApplicationTests]
22:24:57.092 [Test worker] DEBUG org.springframework.test.annotation.ProfileValueUtils - Retrieved ProfileValueSource type [class org.springframework.test.annotation.SystemProfileValueSource] for class [com.target.retail.api.RetailApiApplicationTests]
22:24:57.096 [Test worker] DEBUG org.springframework.test.context.support.AbstractDirtiesContextTestExecutionListener - Before test class: context [DefaultTestContext@582904f7 testClass = RetailApiApplicationTests, testInstance = [null], testMethod = [null], testException = [null], mergedContextConfiguration = [WebMergedContextConfiguration@21e9d8b7 testClass = RetailApiApplicationTests, locations = '{}', classes = '{class com.target.retail.api.RetailApiApplication}', contextInitializerClasses = '[]', activeProfiles = '{}', propertySourceLocations = '{}', propertySourceProperties = '{org.springframework.boot.test.context.SpringBootTestContextBootstrapper=true}', contextCustomizers = set[org.springframework.boot.test.autoconfigure.properties.PropertyMappingContextCustomizer@0, org.springframework.boot.test.autoconfigure.web.servlet.WebDriverContextCustomizerFactory$Customizer@6ab41041, org.springframework.boot.test.context.filter.ExcludeFilterContextCustomizer@56a79d70, org.springframework.boot.test.json.DuplicateJsonObjectContextCustomizerFactory$DuplicateJsonObjectContextCustomizer@7d7b6fe9, org.springframework.boot.test.mock.mockito.MockitoContextCustomizer@0, org.springframework.boot.test.web.client.TestRestTemplateContextCustomizer@30a7361e], resourceBasePath = 'src/main/webapp', contextLoader = 'org.springframework.boot.test.context.SpringBootContextLoader', parent = [null]], attributes = map['org.springframework.test.context.web.ServletTestExecutionListener.activateListener' -> true]], class annotated with @DirtiesContext [false] with mode [null].
22:24:57.097 [Test worker] DEBUG org.springframework.test.annotation.ProfileValueUtils - Retrieved @ProfileValueSourceConfiguration [null] for test class [com.target.retail.api.RetailApiApplicationTests]
22:24:57.097 [Test worker] DEBUG org.springframework.test.annotation.ProfileValueUtils - Retrieved ProfileValueSource type [class org.springframework.test.annotation.SystemProfileValueSource] for class [com.target.retail.api.RetailApiApplicationTests]
22:24:57.112 [Test worker] DEBUG org.springframework.test.context.support.TestPropertySourceUtils - Adding inlined properties to environment: {spring.jmx.enabled=false, org.springframework.boot.test.context.SpringBootTestContextBootstrapper=true, server.port=-1}
2019-07-04 22:24:57.811  INFO 1751 --- [    Test worker] trationDelegate$BeanPostProcessorChecker : Bean 'org.springframework.cloud.autoconfigure.ConfigurationPropertiesRebinderAutoConfiguration' of type [org.springframework.cloud.autoconfigure.ConfigurationPropertiesRebinderAutoConfiguration$$EnhancerBySpringCGLIB$$6e44136c] is not eligible for getting processed by all BeanPostProcessors (for example: not eligible for auto-proxying)
2019-07-04 22:24:57.952 DEBUG 1751 --- [    Test worker] .c.l.ClasspathLoggingApplicationListener : Application started with classpath: [file:/Users/jeganshanmugam/.gradle/caches/5.4.1/workerMain/gradle-worker.jar, file:/Users/jeganshanmugam/Desktop/Jegan/Projects/retail-api/build/classes/java/test/, file:/Users/jeganshanmugam/Desktop/Jegan/Projects/retail-api/build/classes/groovy/test, file:/Users/jeganshanmugam/Desktop/Jegan/Projects/retail-api/build/resources/test, file:/Users/jeganshanmugam/Desktop/Jegan/Projects/retail-api/build/classes/java/main/, file:/Users/jeganshanmugam/Desktop/Jegan/Projects/retail-api/build/classes/groovy/main, file:/Users/jeganshanmugam/Desktop/Jegan/Projects/retail-api/build/resources/main/, file:/Users/jeganshanmugam/.gradle/caches/modules-2/files-2.1/io.reactivex.rxjava2/rxjava/2.1.14/20dbf7496e417da474eda12717bf4653dbbd5a6b/rxjava-2.1.14.jar, file:/Users/jeganshanmugam/.gradle/caches/modules-2/files-2.1/org.springframework.boot/spring-boot-starter-actuator/2.1.6.RELEASE/21c704fa2014f4c7f0a817683ab39f1235427551/spring-boot-starter-actuator-2.1.6.RELEASE.jar, file:/Users/jeganshanmugam/.gradle/caches/modules-2/files-2.1/org.springframework.boot/spring-boot-starter-data-cassandra/2.1.6.RELEASE/dcf621f1ced2f0240e291824ac5b6376960c288a/spring-boot-starter-data-cassandra-2.1.6.RELEASE.jar, file:/Users/jeganshanmugam/.gradle/caches/modules-2/files-2.1/org.springframework.cloud/spring-cloud-starter-netflix-hystrix-dashboard/2.1.1.RELEASE/778e6ebf559d22aca98bb0dfba0f1ef1ebc48b5d/spring-cloud-starter-netflix-hystrix-dashboard-2.1.1.RELEASE.jar, file:/Users/jeganshanmugam/.gradle/caches/modules-2/files-2.1/org.springframework.cloud/spring-cloud-netflix-hystrix-dashboard/2.1.1.RELEASE/ed8e4dd513b17328ac29c581d9911855da1b9313/spring-cloud-netflix-hystrix-dashboard-2.1.1.RELEASE.jar, file:/Users/jeganshanmugam/.gradle/caches/modules-2/files-2.1/org.springframework.boot/spring-boot-starter-web/2.1.6.RELEASE/8d232c9366b4ef3f5a919e48efb2228528391914/spring-boot-starter-web-2.1.6.RELEASE.jar, file:/Users/jeganshanmugam/.gradle/caches/modules-2/files-2.1/org.springframework.cloud/spring-cloud-starter-netflix-hystrix/2.1.1.RELEASE/a9dd055ce5f63588a59b00f6353b8a7455f9e1ef/spring-cloud-starter-netflix-hystrix-2.1.1.RELEASE.jar, file:/Users/jeganshanmugam/.gradle/caches/modules-2/files-2.1/org.spockframework/spock-core/1.3-groovy-2.5/6f0df2cf4549dcc4b914971675da7e224e893e82/spock-core-1.3-groovy-2.5.jar, file:/Users/jeganshanmugam/.gradle/caches/modules-2/files-2.1/org.springframework.boot/spring-boot-starter-test/2.1.6.RELEASE/84ca9723624ade81ca04be40b96222e786790a89/spring-boot-starter-test-2.1.6.RELEASE.jar, file:/Users/jeganshanmugam/.gradle/caches/modules-2/files-2.1/io.reactivex/rxjava-reactive-streams/1.2.1/dac56d021c092c34662943dae3ab1432542005/rxjava-reactive-streams-1.2.1.jar, file:/Users/jeganshanmugam/.gradle/caches/modules-2/files-2.1/org.reactivestreams/reactive-streams/1.0.2/323964c36556eb0e6209f65c1cef72b53b461ab8/reactive-streams-1.0.2.jar, file:/Users/jeganshanmugam/.gradle/caches/modules-2/files-2.1/org.springframework.boot/spring-boot-starter-json/2.1.6.RELEASE/ed82ba4ed8a45855f5571c0fbc15537aa942763/spring-boot-starter-json-2.1.6.RELEASE.jar, file:/Users/jeganshanmugam/.gradle/caches/modules-2/files-2.1/org.springframework.cloud/spring-cloud-starter-netflix-archaius/2.1.1.RELEASE/c62675620bbcbc4e57f81edf7d548b80e325c498/spring-cloud-starter-netflix-archaius-2.1.1.RELEASE.jar, file:/Users/jeganshanmugam/.gradle/caches/modules-2/files-2.1/org.springframework.cloud/spring-cloud-starter/2.1.1.RELEASE/17d8b25a66dc159244f8bcdd5be60ae9e82658bf/spring-cloud-starter-2.1.1.RELEASE.jar, file:/Users/jeganshanmugam/.gradle/caches/modules-2/files-2.1/org.springframework.cloud/spring-cloud-netflix-hystrix/2.1.1.RELEASE/e3d0e792fec74aa77a86109e41dda644f00ed689/spring-cloud-netflix-hystrix-2.1.1.RELEASE.jar, file:/Users/jeganshanmugam/.gradle/caches/modules-2/files-2.1/org.springframework.boot/spring-boot-starter-aop/2.1.6.RELEASE/93d2264fb36bdecaddcf2a4477d96a59709948d6/spring-boot-starter-aop-2.1.6.RELEASE.jar, file:/Users/jeganshanmugam/.gradle/caches/modules-2/files-2.1/org.springframework.boot/spring-boot-starter-freemarker/2.1.6.RELEASE/41e5703646066246e7a7924fc301975925b7dc4b/spring-boot-starter-freemarker-2.1.6.RELEASE.jar, file:/Users/jeganshanmugam/.gradle/caches/modules-2/files-2.1/org.springframework.boot/spring-boot-starter/2.1.6.RELEASE/22f085f39ded75b0b454ee7731eccae68b20f17e/spring-boot-starter-2.1.6.RELEASE.jar, file:/Users/jeganshanmugam/.gradle/caches/modules-2/files-2.1/org.springframework.boot/spring-boot-actuator-autoconfigure/2.1.6.RELEASE/4293aa245d2a2577ea8b19ddcb084d5f46474798/spring-boot-actuator-autoconfigure-2.1.6.RELEASE.jar, file:/Users/jeganshanmugam/.gradle/caches/modules-2/files-2.1/io.micrometer/micrometer-core/1.1.5/cf2e89e38ed17587f3e6fe289f335db5493c8217/micrometer-core-1.1.5.jar, file:/Users/jeganshanmugam/.gradle/caches/modules-2/files-2.1/org.springframework.data/spring-data-cassandra/2.1.9.RELEASE/672b136530f5e9a8271fda21c3037381d4ec2dd4/spring-data-cassandra-2.1.9.RELEASE.jar, file:/Users/jeganshanmugam/.gradle/caches/modules-2/files-2.1/org.springframework/spring-tx/5.1.8.RELEASE/a4941bf2e1a32e2d102dfeff8d542db8fd99a912/spring-tx-5.1.8.RELEASE.jar, file:/Users/jeganshanmugam/.gradle/caches/modules-2/files-2.1/org.springframework.boot/spring-boot-starter-tomcat/2.1.6.RELEASE/204079b2a82b794246fe911d29f1d9682efbd951/spring-boot-starter-tomcat-2.1.6.RELEASE.jar, file:/Users/jeganshanmugam/.gradle/caches/modules-2/files-2.1/org.hibernate.validator/hibernate-validator/6.0.17.Final/af73055fc4a103ab347c56e7da5a143d68a0170/hibernate-validator-6.0.17.Final.jar, file:/Users/jeganshanmugam/.gradle/caches/modules-2/files-2.1/org.springframework/spring-webmvc/5.1.8.RELEASE/d2b6359b3b502ce917879990fbee99723bfa78c5/spring-webmvc-5.1.8.RELEASE.jar, file:/Users/jeganshanmugam/.gradle/caches/modules-2/files-2.1/org.springframework/spring-web/5.1.8.RELEASE/6d7134733f05133d82440172c5f6f9fe001db7ed/spring-web-5.1.8.RELEASE.jar, file:/Users/jeganshanmugam/.gradle/caches/modules-2/files-2.1/org.springframework.cloud/spring-cloud-netflix-ribbon/2.1.1.RELEASE/ab6a869d4743397764ef2f84786bbbc77a8f4c41/spring-cloud-netflix-ribbon-2.1.1.RELEASE.jar, file:/Users/jeganshanmugam/.gradle/caches/modules-2/files-2.1/com.netflix.hystrix/hystrix-metrics-event-stream/1.5.18/ea69f5f0956131f00982d69598878e2dc87630fa/hystrix-metrics-event-stream-1.5.18.jar, file:/Users/jeganshanmugam/.gradle/caches/modules-2/files-2.1/com.netflix.hystrix/hystrix-javanica/1.5.18/375bcf25f9a6ee34272012f45121cd5c0ceb52e2/hystrix-javanica-1.5.18.jar, file:/Users/jeganshanmugam/.gradle/caches/modules-2/files-2.1/com.netflix.hystrix/hystrix-serialization/1.5.18/9767e5dfa25c7972bd3131ba7df2de207a70626b/hystrix-serialization-1.5.18.jar, file:/Users/jeganshanmugam/.gradle/caches/modules-2/files-2.1/com.netflix.hystrix/hystrix-core/1.5.18/e1a7ed48e1a60abbb08027a46189afb04c05b04f/hystrix-core-1.5.18.jar, file:/Users/jeganshanmugam/.gradle/caches/modules-2/files-2.1/org.codehaus.groovy/groovy-json/2.5.7/fbe5c5450d2b9b4a940391b37f2089cc8bec27/groovy-json-2.5.7.jar, file:/Users/jeganshanmugam/.gradle/caches/modules-2/files-2.1/org.codehaus.groovy/groovy-nio/2.5.7/ca4241d24280c634a929cfd6e9b7ab2e025d0da4/groovy-nio-2.5.7.jar, file:/Users/jeganshanmugam/.gradle/caches/modules-2/files-2.1/org.codehaus.groovy/groovy-macro/2.5.7/8ab4f44ed068c56f43388df18bcb38d8f42c8e7e/groovy-macro-2.5.7.jar, file:/Users/jeganshanmugam/.gradle/caches/modules-2/files-2.1/org.codehaus.groovy/groovy-templates/2.5.7/b21dfa125299670d0738044cc2d1f5d9ab80e6a9/groovy-templates-2.5.7.jar, file:/Users/jeganshanmugam/.gradle/caches/modules-2/files-2.1/org.codehaus.groovy/groovy-test/2.5.7/19d923f3d5180132d3b962d92b6d4896cc92386e/groovy-test-2.5.7.jar, file:/Users/jeganshanmugam/.gradle/caches/modules-2/files-2.1/org.codehaus.groovy/groovy-sql/2.5.7/89b9287dc94f9f602e10e32cb85aa43db3f59a7d/groovy-sql-2.5.7.jar, file:/Users/jeganshanmugam/.gradle/caches/modules-2/files-2.1/org.codehaus.groovy/groovy-xml/2.5.7/7cd039b9ec0f8f3896fff31a08f82aa61282ec10/groovy-xml-2.5.7.jar, file:/Users/jeganshanmugam/.gradle/caches/modules-2/files-2.1/org.codehaus.groovy/groovy/2.5.7/99907efe4b69f800c42584386f5d668e4d952bd5/groovy-2.5.7.jar, file:/Users/jeganshanmugam/.gradle/caches/modules-2/files-2.1/junit/junit/4.12/2973d150c0dc1fefe998f834810d68f278ea58ec/junit-4.12.jar, file:/Users/jeganshanmugam/.gradle/caches/modules-2/files-2.1/org.springframework.boot/spring-boot-test-autoconfigure/2.1.6.RELEASE/6d3ed4a0b08a139892c2308d77e33ef3bb7f7be4/spring-boot-test-autoconfigure-2.1.6.RELEASE.jar, file:/Users/jeganshanmugam/.gradle/caches/modules-2/files-2.1/org.springframework.boot/spring-boot-test/2.1.6.RELEASE/6a3f167e76e4dee556c9892058e60b1445c9576b/spring-boot-test-2.1.6.RELEASE.jar, file:/Users/jeganshanmugam/.gradle/caches/modules-2/files-2.1/com.jayway.jsonpath/json-path/2.4.0/765a4401ceb2dc8d40553c2075eb80a8fa35c2ae/json-path-2.4.0.jar, file:/Users/jeganshanmugam/.gradle/caches/modules-2/files-2.1/org.assertj/assertj-core/3.11.1/fdac3217b804d6900fa3650f17b5cb48e620b140/assertj-core-3.11.1.jar, file:/Users/jeganshanmugam/.gradle/caches/modules-2/files-2.1/org.mockito/mockito-core/2.23.4/a35b6f8ffcfa786771eac7d7d903429e790fdf3f/mockito-core-2.23.4.jar, file:/Users/jeganshanmugam/.gradle/caches/modules-2/files-2.1/org.hamcrest/hamcrest-library/1.3/4785a3c21320980282f9f33d0d1264a69040538f/hamcrest-library-1.3.jar, file:/Users/jeganshanmugam/.gradle/caches/modules-2/files-2.1/org.hamcrest/hamcrest-core/1.3/42a25dc3219429f0e5d060061f71acb49bf010a0/hamcrest-core-1.3.jar, file:/Users/jeganshanmugam/.gradle/caches/modules-2/files-2.1/org.skyscreamer/jsonassert/1.5.0/6c9d5fe2f59da598d9aefc1cfc6528ff3cf32df3/jsonassert-1.5.0.jar, file:/Users/jeganshanmugam/.gradle/caches/modules-2/files-2.1/org.springframework/spring-test/5.1.8.RELEASE/2a629b975a2815772b947686d4936a5c764fe4f6/spring-test-5.1.8.RELEASE.jar, file:/Users/jeganshanmugam/.gradle/caches/modules-2/files-2.1/org.springframework.boot/spring-boot-autoconfigure/2.1.6.RELEASE/875d84cfa6d5655bd11238c229e7acedf344024b/spring-boot-autoconfigure-2.1.6.RELEASE.jar, file:/Users/jeganshanmugam/.gradle/caches/modules-2/files-2.1/org.springframework.boot/spring-boot-actuator/2.1.6.RELEASE/7dc009b1934dfd4e6cd5ba29e078658a7be780dc/spring-boot-actuator-2.1.6.RELEASE.jar, file:/Users/jeganshanmugam/.gradle/caches/modules-2/files-2.1/org.springframework.boot/spring-boot/2.1.6.RELEASE/b8a75ec9a9c570290523c4308c2255fbea6746c0/spring-boot-2.1.6.RELEASE.jar, file:/Users/jeganshanmugam/.gradle/caches/modules-2/files-2.1/org.springframework/spring-context-support/5.1.8.RELEASE/5130c3921e9998e908048bb0732d24569a1f874f/spring-context-support-5.1.8.RELEASE.jar, file:/Users/jeganshanmugam/.gradle/caches/modules-2/files-2.1/org.springframework/spring-context/5.1.8.RELEASE/83ab599b042a4805bbee71b6241e9d073022d704/spring-context-5.1.8.RELEASE.jar, file:/Users/jeganshanmugam/.gradle/caches/modules-2/files-2.1/org.springframework.data/spring-data-commons/2.1.9.RELEASE/797e28eecdd88697b558799b657418c3063dc270/spring-data-commons-2.1.9.RELEASE.jar, file:/Users/jeganshanmugam/.gradle/caches/modules-2/files-2.1/org.springframework/spring-aop/5.1.8.RELEASE/c013c5603a05bee2a80cc2ec8f3fc11b15d4de3a/spring-aop-5.1.8.RELEASE.jar, file:/Users/jeganshanmugam/.gradle/caches/modules-2/files-2.1/org.springframework/spring-beans/5.1.8.RELEASE/e35fa81d0142ef7c1247a7dee8b1ef2dd78c6322/spring-beans-5.1.8.RELEASE.jar, file:/Users/jeganshanmugam/.gradle/caches/modules-2/files-2.1/org.springframework/spring-expression/5.1.8.RELEASE/4f8340d8d4f52dbd527bd696358923ff4df5be1a/spring-expression-5.1.8.RELEASE.jar, file:/Users/jeganshanmugam/.gradle/caches/modules-2/files-2.1/org.springframework/spring-core/5.1.8.RELEASE/37fd45c92cfd05b9ad173ee1184ec4221e0f931f/spring-core-5.1.8.RELEASE.jar, file:/Users/jeganshanmugam/.gradle/caches/modules-2/files-2.1/org.xmlunit/xmlunit-core/2.6.2/b0461888cdd8d3975ea8a57df96520409cadcb6c/xmlunit-core-2.6.2.jar, file:/Users/jeganshanmugam/.gradle/caches/modules-2/files-2.1/org.springframework.boot/spring-boot-starter-logging/2.1.6.RELEASE/9cb7228f463fce085317e2da8fb824568e697b7c/spring-boot-starter-logging-2.1.6.RELEASE.jar, file:/Users/jeganshanmugam/.gradle/caches/modules-2/files-2.1/javax.annotation/javax.annotation-api/1.3.2/934c04d3cfef185a8008e7bf34331b79730a9d43/javax.annotation-api-1.3.2.jar, file:/Users/jeganshanmugam/.gradle/caches/modules-2/files-2.1/org.yaml/snakeyaml/1.23/ec62d74fe50689c28c0ff5b35d3aebcaa8b5be68/snakeyaml-1.23.jar, file:/Users/jeganshanmugam/.gradle/caches/modules-2/files-2.1/com.fasterxml.jackson.datatype/jackson-datatype-jsr310/2.9.9/a33df137557793b0404a486888dbe049f7abeeeb/jackson-datatype-jsr310-2.9.9.jar, file:/Users/jeganshanmugam/.gradle/caches/modules-2/files-2.1/com.fasterxml.jackson.datatype/jackson-datatype-jdk8/2.9.9/4b04126963103216c9c43b0f34bbc36315654204/jackson-datatype-jdk8-2.9.9.jar, file:/Users/jeganshanmugam/.gradle/caches/modules-2/files-2.1/com.fasterxml.jackson.module/jackson-module-parameter-names/2.9.9/a92facb55a2538e7b2fe14294570a18b823ad431/jackson-module-parameter-names-2.9.9.jar, file:/Users/jeganshanmugam/.gradle/caches/modules-2/files-2.1/com.netflix.archaius/archaius-core/0.7.6/be0c1024d08ad68ec25f9f32b0e9df1ab7ecb45b/archaius-core-0.7.6.jar, file:/Users/jeganshanmugam/.gradle/caches/modules-2/files-2.1/com.fasterxml.jackson.module/jackson-module-afterburner/2.9.9/89ac043b711248ba512b98493d2266328d1f1045/jackson-module-afterburner-2.9.9.jar, file:/Users/jeganshanmugam/.gradle/caches/modules-2/files-2.1/com.fasterxml.jackson.core/jackson-databind/2.9.9/d6eb9817d9c7289a91f043ac5ee02a6b3cc86238/jackson-databind-2.9.9.jar, file:/Users/jeganshanmugam/.gradle/caches/modules-2/files-2.1/org.hdrhistogram/HdrHistogram/2.1.9/e4631ce165eb400edecfa32e03d3f1be53dee754/HdrHistogram-2.1.9.jar, file:/Users/jeganshanmugam/.gradle/caches/modules-2/files-2.1/org.latencyutils/LatencyUtils/2.0.3/769c0b82cb2421c8256300e907298a9410a2a3d3/LatencyUtils-2.0.3.jar, file:/Users/jeganshanmugam/.gradle/caches/modules-2/files-2.1/com.datastax.cassandra/cassandra-driver-core/3.6.0/1d689ae757862f7c497dd6b186793d1bf921fd28/cassandra-driver-core-3.6.0.jar, file:/Users/jeganshanmugam/.gradle/caches/modules-2/files-2.1/ch.qos.logback/logback-classic/1.2.3/7c4f3c474fb2c041d8028740440937705ebb473a/logback-classic-1.2.3.jar, file:/Users/jeganshanmugam/.gradle/caches/modules-2/files-2.1/org.apache.logging.log4j/log4j-to-slf4j/2.11.2/6d37bf7b046c0ce2669f26b99365a2cfa45c4c18/log4j-to-slf4j-2.11.2.jar, file:/Users/jeganshanmugam/.gradle/caches/modules-2/files-2.1/org.slf4j/jul-to-slf4j/1.7.26/8031352b2bb0a49e67818bf04c027aa92e645d5c/jul-to-slf4j-1.7.26.jar, file:/Users/jeganshanmugam/.gradle/caches/modules-2/files-2.1/io.dropwizard.metrics/metrics-core/4.0.5/b81ef162970cdb9f4512ee2da09715a856ff4c4c/metrics-core-4.0.5.jar, file:/Users/jeganshanmugam/.gradle/caches/modules-2/files-2.1/org.slf4j/slf4j-api/1.7.26/77100a62c2e6f04b53977b9f541044d7d722693d/slf4j-api-1.7.26.jar, file:/Users/jeganshanmugam/.gradle/caches/modules-2/files-2.1/org.apache.tomcat.embed/tomcat-embed-websocket/9.0.21/218f438e4812f268a1692511f897b401fc28cfa8/tomcat-embed-websocket-9.0.21.jar, file:/Users/jeganshanmugam/.gradle/caches/modules-2/files-2.1/org.apache.tomcat.embed/tomcat-embed-core/9.0.21/225a44fe65e9832f896e09f343ce107d38f3ee1b/tomcat-embed-core-9.0.21.jar, file:/Users/jeganshanmugam/.gradle/caches/modules-2/files-2.1/org.apache.tomcat.embed/tomcat-embed-el/9.0.21/6a7ed3ad394b36d3f0f77745f424e19e976d2d61/tomcat-embed-el-9.0.21.jar, file:/Users/jeganshanmugam/.gradle/caches/modules-2/files-2.1/javax.validation/validation-api/2.0.1.Final/cb855558e6271b1b32e716d24cb85c7f583ce09e/validation-api-2.0.1.Final.jar, file:/Users/jeganshanmugam/.gradle/caches/modules-2/files-2.1/org.jboss.logging/jboss-logging/3.3.2.Final/3789d00e859632e6c6206adc0c71625559e6e3b0/jboss-logging-3.3.2.Final.jar, file:/Users/jeganshanmugam/.gradle/caches/modules-2/files-2.1/com.fasterxml/classmate/1.4.0/291658ac2ce2476256c7115943652c0accb5c857/classmate-1.4.0.jar, file:/Users/jeganshanmugam/.gradle/caches/modules-2/files-2.1/org.springframework.cloud/spring-cloud-context/2.1.1.RELEASE/fe737c531cafb79a14579a7a3730f91ba460541e/spring-cloud-context-2.1.1.RELEASE.jar, file:/Users/jeganshanmugam/.gradle/caches/modules-2/files-2.1/org.springframework.cloud/spring-cloud-commons/2.1.1.RELEASE/868586a49aad1882b5b8500c53ea8cae807a096a/spring-cloud-commons-2.1.1.RELEASE.jar, file:/Users/jeganshanmugam/.gradle/caches/modules-2/files-2.1/org.springframework.security/spring-security-rsa/1.0.7.RELEASE/8fb787a76b2a31b7efbb71ae9be68b269a358302/spring-security-rsa-1.0.7.RELEASE.jar, file:/Users/jeganshanmugam/.gradle/caches/modules-2/files-2.1/org.springframework.cloud/spring-cloud-netflix-archaius/2.1.1.RELEASE/761c962b6e563e4f94a82915133de923f0ed088b/spring-cloud-netflix-archaius-2.1.1.RELEASE.jar, file:/Users/jeganshanmugam/.gradle/caches/modules-2/files-2.1/commons-configuration/commons-configuration/1.8/6cce40435bcd8018018f16898de01976b319941a/commons-configuration-1.8.jar, file:/Users/jeganshanmugam/.gradle/caches/modules-2/files-2.1/io.reactivex/rxjava/1.2.0/42bfaf64c94f3848ebf5cf1c2ea4ec9d1b3ac6c8/rxjava-1.2.0.jar, file:/Users/jeganshanmugam/.gradle/caches/modules-2/files-2.1/com.fasterxml.jackson.core/jackson-core/2.9.9/bfff5af9fb8347d26bbb7959cb9b4fe9a2b0ca5e/jackson-core-2.9.9.jar, file:/Users/jeganshanmugam/.gradle/caches/modules-2/files-2.1/com.fasterxml.jackson.core/jackson-annotations/2.9.0/7c10d545325e3a6e72e06381afe469fd40eb701/jackson-annotations-2.9.0.jar, file:/Users/jeganshanmugam/.gradle/caches/modules-2/files-2.1/org.apache.commons/commons-lang3/3.8.1/6505a72a097d9270f7a9e7bf42c4238283247755/commons-lang3-3.8.1.jar, file:/Users/jeganshanmugam/.gradle/caches/modules-2/files-2.1/com.github.jnr/jnr-posix/3.0.44/1f8e4551454e613c04f6d4045ed9d5b98e21980f/jnr-posix-3.0.44.jar, file:/Users/jeganshanmugam/.gradle/caches/modules-2/files-2.1/com.github.jnr/jnr-ffi/2.1.7/31a7391a212069303935a1df29566b7372d3ef9f/jnr-ffi-2.1.7.jar, file:/Users/jeganshanmugam/.gradle/caches/modules-2/files-2.1/net.minidev/json-smart/2.3/7396407491352ce4fa30de92efb158adb76b5b/json-smart-2.3.jar, file:/Users/jeganshanmugam/.gradle/caches/modules-2/files-2.1/net.minidev/accessors-smart/1.2/c592b500269bfde36096641b01238a8350f8aa31/accessors-smart-1.2.jar, file:/Users/jeganshanmugam/.gradle/caches/modules-2/files-2.1/org.ow2.asm/asm-commons/5.0.3/a7111830132c7f87d08fe48cb0ca07630f8cb91c/asm-commons-5.0.3.jar, file:/Users/jeganshanmugam/.gradle/caches/modules-2/files-2.1/org.ow2.asm/asm-analysis/5.0.3/c7126aded0e8e13fed5f913559a0dd7b770a10f3/asm-analysis-5.0.3.jar, file:/Users/jeganshanmugam/.gradle/caches/modules-2/files-2.1/org.ow2.asm/asm-util/5.0.3/1512e5571325854b05fb1efce1db75fcced54389/asm-util-5.0.3.jar, file:/Users/jeganshanmugam/.gradle/caches/modules-2/files-2.1/org.ow2.asm/asm-tree/5.0.3/287749b48ba7162fb67c93a026d690b29f410bed/asm-tree-5.0.3.jar, file:/Users/jeganshanmugam/.gradle/caches/modules-2/files-2.1/org.ow2.asm/asm/5.0.4/da08b8cce7bbf903602a25a3a163ae252435795/asm-5.0.4.jar, file:/Users/jeganshanmugam/.gradle/caches/modules-2/files-2.1/org.aspectj/aspectjweaver/1.9.4/9205229878f3d62fbd3a32a0fb6be2d6ad8589a9/aspectjweaver-1.9.4.jar, file:/Users/jeganshanmugam/.gradle/caches/modules-2/files-2.1/com.google.guava/guava/19.0/6ce200f6b23222af3d8abb6b6459e6c44f4bb0e9/guava-19.0.jar, file:/Users/jeganshanmugam/.gradle/caches/modules-2/files-2.1/org.apache.httpcomponents/httpclient/4.5.9/a25c1be5ce99d0ce99aa43eb982868c796dd0775/httpclient-4.5.9.jar, file:/Users/jeganshanmugam/.gradle/caches/modules-2/files-2.1/org.webjars/jquery/2.1.1/dd89e356066869550b5509c4370f995ad6698d9a/jquery-2.1.1.jar, file:/Users/jeganshanmugam/.gradle/caches/modules-2/files-2.1/org.webjars/d3js/3.4.11/6ef8866c242eddc2bb7f6ef5b93028b73d316e23/d3js-3.4.11.jar, file:/Users/jeganshanmugam/.gradle/caches/modules-2/files-2.1/net.bytebuddy/byte-buddy/1.9.13/cdaa4d47073aa70819649bf037cfefe75c39a4b6/byte-buddy-1.9.13.jar, file:/Users/jeganshanmugam/.gradle/caches/modules-2/files-2.1/net.bytebuddy/byte-buddy-agent/1.9.13/df0eecb1c8f146f6331ec2d45259d66de3795d84/byte-buddy-agent-1.9.13.jar, file:/Users/jeganshanmugam/.gradle/caches/modules-2/files-2.1/org.objenesis/objenesis/2.6/639033469776fd37c08358c6b92a4761feb2af4b/objenesis-2.6.jar, file:/Users/jeganshanmugam/.gradle/caches/modules-2/files-2.1/com.vaadin.external.google/android-json/0.0.20131108.vaadin1/fa26d351fe62a6a17f5cda1287c1c6110dec413f/android-json-0.0.20131108.vaadin1.jar, file:/Users/jeganshanmugam/.gradle/caches/modules-2/files-2.1/org.springframework/spring-jcl/5.1.8.RELEASE/60a3bb9c802ea03c955ee26526f8aebc9dd712b6/spring-jcl-5.1.8.RELEASE.jar, file:/Users/jeganshanmugam/.gradle/caches/modules-2/files-2.1/io.netty/netty-handler/4.1.36.Final/1c38a5920a10c01b1cce4cdc964447ec76abf1b5/netty-handler-4.1.36.Final.jar, file:/Users/jeganshanmugam/.gradle/caches/modules-2/files-2.1/org.springframework.security/spring-security-crypto/5.1.5.RELEASE/f5f8b415bd87d0e3bdeaa48751ec79bbdcd2e414/spring-security-crypto-5.1.5.RELEASE.jar, file:/Users/jeganshanmugam/.gradle/caches/modules-2/files-2.1/org.bouncycastle/bcpkix-jdk15on/1.60/d0c46320fbc07be3a24eb13a56cee4e3d38e0c75/bcpkix-jdk15on-1.60.jar, file:/Users/jeganshanmugam/.gradle/caches/modules-2/files-2.1/com.google.code.findbugs/jsr305/3.0.1/f7be08ec23c21485b9b5a1cf1654c2ec8c58168d/jsr305-3.0.1.jar, file:/Users/jeganshanmugam/.gradle/caches/modules-2/files-2.1/commons-lang/commons-lang/2.6/ce1edb914c94ebc388f086c6827e8bdeec71ac2/commons-lang-2.6.jar, file:/Users/jeganshanmugam/.gradle/caches/modules-2/files-2.1/org.freemarker/freemarker/2.3.28/7200064467a935052f99d114c2c05c3d189bc6d6/freemarker-2.3.28.jar, file:/Users/jeganshanmugam/.gradle/caches/modules-2/files-2.1/org.apache.httpcomponents/httpcore/4.4.11/de748cf874e4e193b42eceea9fe5574fabb9d4df/httpcore-4.4.11.jar, file:/Users/jeganshanmugam/.gradle/caches/modules-2/files-2.1/commons-codec/commons-codec/1.11/3acb4705652e16236558f0f4f2192cc33c3bd189/commons-codec-1.11.jar, file:/Users/jeganshanmugam/.gradle/caches/modules-2/files-2.1/ch.qos.logback/logback-core/1.2.3/864344400c3d4d92dfeb0a305dc87d953677c03c/logback-core-1.2.3.jar, file:/Users/jeganshanmugam/.gradle/caches/modules-2/files-2.1/org.apache.logging.log4j/log4j-api/2.11.2/f5e9a2ffca496057d6891a3de65128efc636e26e/log4j-api-2.11.2.jar, file:/Users/jeganshanmugam/.gradle/caches/modules-2/files-2.1/io.netty/netty-codec/4.1.36.Final/8462116d327bb3d1ec24258071f2e7345a73dbfc/netty-codec-4.1.36.Final.jar, file:/Users/jeganshanmugam/.gradle/caches/modules-2/files-2.1/io.netty/netty-transport/4.1.36.Final/8546e6be47be587acab86bbd106ca023678f07d9/netty-transport-4.1.36.Final.jar, file:/Users/jeganshanmugam/.gradle/caches/modules-2/files-2.1/io.netty/netty-buffer/4.1.36.Final/7f2db0921dd57df4db076229830ab09bba713aeb/netty-buffer-4.1.36.Final.jar, file:/Users/jeganshanmugam/.gradle/caches/modules-2/files-2.1/io.netty/netty-resolver/4.1.36.Final/e4d243fbf4e6837fa294f892bf97149e18129100/netty-resolver-4.1.36.Final.jar, file:/Users/jeganshanmugam/.gradle/caches/modules-2/files-2.1/io.netty/netty-common/4.1.36.Final/f6f38fde652a70ea579897edc80e52353e487ae6/netty-common-4.1.36.Final.jar, file:/Users/jeganshanmugam/.gradle/caches/modules-2/files-2.1/com.github.jnr/jffi/1.2.16/5c1149dfcc9a16f85c8d9b8797f03806667cb9f1/jffi-1.2.16.jar, file:/Users/jeganshanmugam/.gradle/caches/modules-2/files-2.1/com.github.jnr/jffi/1.2.16/3c1f0edf2df2c6e0419d60d0baa59659211624cb/jffi-1.2.16-native.jar, file:/Users/jeganshanmugam/.gradle/caches/modules-2/files-2.1/com.github.jnr/jnr-x86asm/1.0.2/6936bbd6c5b235665d87bd450f5e13b52d4b48/jnr-x86asm-1.0.2.jar, file:/Users/jeganshanmugam/.gradle/caches/modules-2/files-2.1/com.github.jnr/jnr-constants/0.9.9/33f23994e09aeb49880aa01e12e8e9eff058c14c/jnr-constants-0.9.9.jar, file:/Users/jeganshanmugam/.gradle/caches/modules-2/files-2.1/org.bouncycastle/bcprov-jdk15on/1.60/bd47ad3bd14b8e82595c7adaa143501e60842a84/bcprov-jdk15on-1.60.jar]

  .   ____          _            __ _ _
 /\\ / ___'_ __ _ _(_)_ __  __ _ \ \ \ \
( ( )\___ | '_ | '_| | '_ \/ _` | \ \ \ \
 \\/  ___)| |_)| | | | | || (_| |  ) ) ) )
  '  |____| .__|_| |_|_| |_\__, | / / / /
 =========|_|==============|___/=/_/_/_/
 :: Spring Boot ::        (v2.1.6.RELEASE)

2019-07-04 22:24:57.974  INFO 1751 --- [    Test worker] c.t.r.api.RetailApiApplicationTests      : No active profile set, falling back to default profiles: default
2019-07-04 22:24:57.974 DEBUG 1751 --- [    Test worker] o.s.boot.SpringApplication               : Loading source class com.target.retail.api.RetailApiApplication
2019-07-04 22:24:57.979 DEBUG 1751 --- [    Test worker] o.s.b.c.c.ConfigFileApplicationListener  : Loaded config file 'file:/Users/jeganshanmugam/Desktop/Jegan/Projects/retail-api/build/resources/main/application.yml' (classpath:/application.yml)
2019-07-04 22:24:57.979 DEBUG 1751 --- [    Test worker] o.s.w.c.s.GenericWebApplicationContext   : Refreshing org.springframework.web.context.support.GenericWebApplicationContext@66f7ab45
2019-07-04 22:24:58.586  INFO 1751 --- [    Test worker] .s.d.r.c.RepositoryConfigurationDelegate : Bootstrapping Spring Data repositories in DEFAULT mode.
2019-07-04 22:24:58.601 DEBUG 1751 --- [    Test worker] o.s.b.a.AutoConfigurationPackages        : @EnableAutoConfiguration was declared on a class in the package 'com.target.retail.api'. Automatic @Repository and @Entity scanning is enabled.
2019-07-04 22:24:58.706  INFO 1751 --- [    Test worker] .s.d.r.c.RepositoryConfigurationDelegate : Finished Spring Data repository scanning in 115ms. Found 0 repository interfaces.
2019-07-04 22:24:58.709  INFO 1751 --- [    Test worker] .s.d.r.c.RepositoryConfigurationDelegate : Bootstrapping Spring Data repositories in DEFAULT mode.
2019-07-04 22:24:58.725  INFO 1751 --- [    Test worker] .s.d.r.c.RepositoryConfigurationDelegate : Finished Spring Data repository scanning in 16ms. Found 1 repository interfaces.
2019-07-04 22:24:58.777  WARN 1751 --- [    Test worker] o.s.boot.actuate.endpoint.EndpointId     : Endpoint ID 'hystrix.stream' contains invalid characters, please migrate to a valid format.
2019-07-04 22:24:58.923  INFO 1751 --- [    Test worker] o.s.cloud.context.scope.GenericScope     : BeanFactory id=b6f5decd-61fe-3f58-b558-91bc535d756d
2019-07-04 22:24:59.179  INFO 1751 --- [    Test worker] trationDelegate$BeanPostProcessorChecker : Bean 'org.springframework.cloud.autoconfigure.ConfigurationPropertiesRebinderAutoConfiguration' of type [org.springframework.cloud.autoconfigure.ConfigurationPropertiesRebinderAutoConfiguration$$EnhancerBySpringCGLIB$$6e44136c] is not eligible for getting processed by all BeanPostProcessors (for example: not eligible for auto-proxying)
2019-07-04 22:24:59.270  INFO 1751 --- [    Test worker] com.datastax.driver.core                 : DataStax Java driver 3.6.0 for Apache Cassandra
2019-07-04 22:24:59.276  INFO 1751 --- [    Test worker] c.d.driver.core.GuavaCompatibility       : Detected Guava >= 19 in the classpath, using modern compatibility layer
2019-07-04 22:24:59.471  INFO 1751 --- [    Test worker] com.datastax.driver.core.ClockFactory    : Using native clock to generate timestamps.
2019-07-04 22:24:59.722  INFO 1751 --- [    Test worker] com.datastax.driver.core.NettyUtil       : Did not find Netty's native epoll transport in the classpath, defaulting to NIO.
2019-07-04 22:24:59.957  WARN 1751 --- [    Test worker] com.datastax.driver.core.Cluster         : You listed localhost/0:0:0:0:0:0:0:1:9042 in your contact points, but it wasn't found in the control host's system.peers at startup
2019-07-04 22:25:00.046  INFO 1751 --- [    Test worker] c.d.d.c.p.DCAwareRoundRobinPolicy        : Using data-center name 'SearchGraphAnalytics' for DCAwareRoundRobinPolicy (if this is incorrect, please provide the correct datacenter name with DCAwareRoundRobinPolicy constructor)
2019-07-04 22:25:00.047  INFO 1751 --- [    Test worker] com.datastax.driver.core.Cluster         : New Cassandra host localhost/127.0.0.1:9042 added
2019-07-04 22:25:00.402  WARN 1751 --- [    Test worker] o.s.c.n.a.ArchaiusAutoConfiguration      : No spring.application.name found, defaulting to 'application'
2019-07-04 22:25:00.406  WARN 1751 --- [    Test worker] c.n.c.sources.URLConfigurationSource     : No URLs will be polled as dynamic configuration sources.
2019-07-04 22:25:00.406  INFO 1751 --- [    Test worker] c.n.c.sources.URLConfigurationSource     : To enable URLs as dynamic configuration sources, define System property archaius.configurationSource.additionalUrls or make config.properties available on classpath.
2019-07-04 22:25:00.413  WARN 1751 --- [    Test worker] c.n.c.sources.URLConfigurationSource     : No URLs will be polled as dynamic configuration sources.
2019-07-04 22:25:00.414  INFO 1751 --- [    Test worker] c.n.c.sources.URLConfigurationSource     : To enable URLs as dynamic configuration sources, define System property archaius.configurationSource.additionalUrls or make config.properties available on classpath.
2019-07-04 22:25:00.534 DEBUG 1751 --- [    Test worker] o.s.w.s.handler.SimpleUrlHandlerMapping  : Patterns [/**/favicon.ico] in 'faviconHandlerMapping'
2019-07-04 22:25:00.947  INFO 1751 --- [    Test worker] o.s.s.concurrent.ThreadPoolTaskExecutor  : Initializing ExecutorService 'applicationTaskExecutor'
2019-07-04 22:25:00.965 DEBUG 1751 --- [    Test worker] s.w.s.m.m.a.RequestMappingHandlerAdapter : ControllerAdvice beans: 0 @ModelAttribute, 0 @InitBinder, 1 RequestBodyAdvice, 1 ResponseBodyAdvice
2019-07-04 22:25:01.137 DEBUG 1751 --- [    Test worker] s.w.s.m.m.a.RequestMappingHandlerMapping : 4 mappings in 'requestMappingHandlerMapping'
2019-07-04 22:25:01.158 DEBUG 1751 --- [    Test worker] o.s.w.s.handler.SimpleUrlHandlerMapping  : Patterns [/webjars/**, /**] in 'resourceHandlerMapping'
2019-07-04 22:25:01.170 DEBUG 1751 --- [    Test worker] .m.m.a.ExceptionHandlerExceptionResolver : ControllerAdvice beans: 0 @ExceptionHandler, 1 ResponseBodyAdvice
2019-07-04 22:25:01.825 DEBUG 1751 --- [    Test worker] o.s.w.s.v.f.FreeMarkerConfigurer         : Cannot resolve template loader path [classpath:/templates/] to [java.io.File]: using SpringTemplateLoader as fallback

java.io.FileNotFoundException: class path resource [templates/] cannot be resolved to absolute file path because it does not reside in the file system: jar:file:/Users/jeganshanmugam/.gradle/caches/modules-2/files-2.1/org.springframework.cloud/spring-cloud-netflix-hystrix-dashboard/2.1.1.RELEASE/ed8e4dd513b17328ac29c581d9911855da1b9313/spring-cloud-netflix-hystrix-dashboard-2.1.1.RELEASE.jar!/templates/
	at org.springframework.util.ResourceUtils.getFile(ResourceUtils.java:217) ~[spring-core-5.1.8.RELEASE.jar:5.1.8.RELEASE]
	at org.springframework.core.io.AbstractFileResolvingResource.getFile(AbstractFileResolvingResource.java:154) ~[spring-core-5.1.8.RELEASE.jar:5.1.8.RELEASE]
	at org.springframework.ui.freemarker.FreeMarkerConfigurationFactory.getTemplateLoaderForPath(FreeMarkerConfigurationFactory.java:345) [spring-context-support-5.1.8.RELEASE.jar:5.1.8.RELEASE]
	at org.springframework.ui.freemarker.FreeMarkerConfigurationFactory.createConfiguration(FreeMarkerConfigurationFactory.java:297) [spring-context-support-5.1.8.RELEASE.jar:5.1.8.RELEASE]
	at org.springframework.web.servlet.view.freemarker.FreeMarkerConfigurer.afterPropertiesSet(FreeMarkerConfigurer.java:120) [spring-webmvc-5.1.8.RELEASE.jar:5.1.8.RELEASE]
	at org.springframework.beans.factory.support.AbstractAutowireCapableBeanFactory.invokeInitMethods(AbstractAutowireCapableBeanFactory.java:1837) [spring-beans-5.1.8.RELEASE.jar:5.1.8.RELEASE]
	at org.springframework.beans.factory.support.AbstractAutowireCapableBeanFactory.initializeBean(AbstractAutowireCapableBeanFactory.java:1774) [spring-beans-5.1.8.RELEASE.jar:5.1.8.RELEASE]
	at org.springframework.beans.factory.support.AbstractAutowireCapableBeanFactory.doCreateBean(AbstractAutowireCapableBeanFactory.java:593) [spring-beans-5.1.8.RELEASE.jar:5.1.8.RELEASE]
	at org.springframework.beans.factory.support.AbstractAutowireCapableBeanFactory.createBean(AbstractAutowireCapableBeanFactory.java:515) [spring-beans-5.1.8.RELEASE.jar:5.1.8.RELEASE]
	at org.springframework.beans.factory.support.AbstractBeanFactory.lambda$doGetBean$0(AbstractBeanFactory.java:320) [spring-beans-5.1.8.RELEASE.jar:5.1.8.RELEASE]
	at org.springframework.beans.factory.support.DefaultSingletonBeanRegistry.getSingleton(DefaultSingletonBeanRegistry.java:222) ~[spring-beans-5.1.8.RELEASE.jar:5.1.8.RELEASE]
	at org.springframework.beans.factory.support.AbstractBeanFactory.doGetBean(AbstractBeanFactory.java:318) [spring-beans-5.1.8.RELEASE.jar:5.1.8.RELEASE]
	at org.springframework.beans.factory.support.AbstractBeanFactory.getBean(AbstractBeanFactory.java:199) [spring-beans-5.1.8.RELEASE.jar:5.1.8.RELEASE]
	at org.springframework.beans.factory.support.DefaultListableBeanFactory.preInstantiateSingletons(DefaultListableBeanFactory.java:845) ~[spring-beans-5.1.8.RELEASE.jar:5.1.8.RELEASE]
	at org.springframework.context.support.AbstractApplicationContext.finishBeanFactoryInitialization(AbstractApplicationContext.java:877) ~[spring-context-5.1.8.RELEASE.jar:5.1.8.RELEASE]
	at org.springframework.context.support.AbstractApplicationContext.refresh(AbstractApplicationContext.java:549) ~[spring-context-5.1.8.RELEASE.jar:5.1.8.RELEASE]
	at org.springframework.boot.SpringApplication.refresh(SpringApplication.java:742) ~[spring-boot-2.1.6.RELEASE.jar:2.1.6.RELEASE]
	at org.springframework.boot.SpringApplication.refreshContext(SpringApplication.java:389) ~[spring-boot-2.1.6.RELEASE.jar:2.1.6.RELEASE]
	at org.springframework.boot.SpringApplication.run(SpringApplication.java:311) ~[spring-boot-2.1.6.RELEASE.jar:2.1.6.RELEASE]
	at org.springframework.boot.test.context.SpringBootContextLoader.loadContext(SpringBootContextLoader.java:119) ~[spring-boot-test-2.1.6.RELEASE.jar:2.1.6.RELEASE]
	at org.springframework.test.context.cache.DefaultCacheAwareContextLoaderDelegate.loadContextInternal(DefaultCacheAwareContextLoaderDelegate.java:99) ~[spring-test-5.1.8.RELEASE.jar:5.1.8.RELEASE]
	at org.springframework.test.context.cache.DefaultCacheAwareContextLoaderDelegate.loadContext(DefaultCacheAwareContextLoaderDelegate.java:117) ~[spring-test-5.1.8.RELEASE.jar:5.1.8.RELEASE]
	at org.springframework.test.context.support.DefaultTestContext.getApplicationContext(DefaultTestContext.java:108) ~[spring-test-5.1.8.RELEASE.jar:5.1.8.RELEASE]
	at org.springframework.test.context.web.ServletTestExecutionListener.setUpRequestContextIfNecessary(ServletTestExecutionListener.java:190) ~[spring-test-5.1.8.RELEASE.jar:5.1.8.RELEASE]
	at org.springframework.test.context.web.ServletTestExecutionListener.prepareTestInstance(ServletTestExecutionListener.java:132) ~[spring-test-5.1.8.RELEASE.jar:5.1.8.RELEASE]
	at org.springframework.test.context.TestContextManager.prepareTestInstance(TestContextManager.java:246) ~[spring-test-5.1.8.RELEASE.jar:5.1.8.RELEASE]
	at org.springframework.test.context.junit4.SpringJUnit4ClassRunner.createTest(SpringJUnit4ClassRunner.java:227) ~[spring-test-5.1.8.RELEASE.jar:5.1.8.RELEASE]
	at org.springframework.test.context.junit4.SpringJUnit4ClassRunner$1.runReflectiveCall(SpringJUnit4ClassRunner.java:289) ~[spring-test-5.1.8.RELEASE.jar:5.1.8.RELEASE]
	at org.junit.internal.runners.model.ReflectiveCallable.run(ReflectiveCallable.java:12) ~[junit-4.12.jar:4.12]
	at org.springframework.test.context.junit4.SpringJUnit4ClassRunner.methodBlock(SpringJUnit4ClassRunner.java:291) ~[spring-test-5.1.8.RELEASE.jar:5.1.8.RELEASE]
	at org.springframework.test.context.junit4.SpringJUnit4ClassRunner.runChild(SpringJUnit4ClassRunner.java:246) ~[spring-test-5.1.8.RELEASE.jar:5.1.8.RELEASE]
	at org.springframework.test.context.junit4.SpringJUnit4ClassRunner.runChild(SpringJUnit4ClassRunner.java:97) ~[spring-test-5.1.8.RELEASE.jar:5.1.8.RELEASE]
	at org.junit.runners.ParentRunner$3.run(ParentRunner.java:290) ~[junit-4.12.jar:4.12]
	at org.junit.runners.ParentRunner$1.schedule(ParentRunner.java:71) ~[junit-4.12.jar:4.12]
	at org.junit.runners.ParentRunner.runChildren(ParentRunner.java:288) ~[junit-4.12.jar:4.12]
	at org.junit.runners.ParentRunner.access$000(ParentRunner.java:58) ~[junit-4.12.jar:4.12]
	at org.junit.runners.ParentRunner$2.evaluate(ParentRunner.java:268) ~[junit-4.12.jar:4.12]
	at org.springframework.test.context.junit4.statements.RunBeforeTestClassCallbacks.evaluate(RunBeforeTestClassCallbacks.java:61) ~[spring-test-5.1.8.RELEASE.jar:5.1.8.RELEASE]
	at org.springframework.test.context.junit4.statements.RunAfterTestClassCallbacks.evaluate(RunAfterTestClassCallbacks.java:70) ~[spring-test-5.1.8.RELEASE.jar:5.1.8.RELEASE]
	at org.junit.runners.ParentRunner.run(ParentRunner.java:363) ~[junit-4.12.jar:4.12]
	at org.springframework.test.context.junit4.SpringJUnit4ClassRunner.run(SpringJUnit4ClassRunner.java:190) ~[spring-test-5.1.8.RELEASE.jar:5.1.8.RELEASE]
	at org.gradle.api.internal.tasks.testing.junit.JUnitTestClassExecutor.runTestClass(JUnitTestClassExecutor.java:110) ~[na:na]
	at org.gradle.api.internal.tasks.testing.junit.JUnitTestClassExecutor.execute(JUnitTestClassExecutor.java:58) ~[na:na]
	at org.gradle.api.internal.tasks.testing.junit.JUnitTestClassExecutor.execute(JUnitTestClassExecutor.java:38) ~[na:na]
	at org.gradle.api.internal.tasks.testing.junit.AbstractJUnitTestClassProcessor.processTestClass(AbstractJUnitTestClassProcessor.java:62) ~[na:na]
	at org.gradle.api.internal.tasks.testing.SuiteTestClassProcessor.processTestClass(SuiteTestClassProcessor.java:51) ~[na:na]
	at sun.reflect.NativeMethodAccessorImpl.invoke0(Native Method) ~[na:1.8.0_211]
	at sun.reflect.NativeMethodAccessorImpl.invoke(NativeMethodAccessorImpl.java:62) ~[na:1.8.0_211]
	at sun.reflect.DelegatingMethodAccessorImpl.invoke(DelegatingMethodAccessorImpl.java:43) ~[na:1.8.0_211]
	at java.lang.reflect.Method.invoke(Method.java:498) ~[na:1.8.0_211]
	at org.gradle.internal.dispatch.ReflectionDispatch.dispatch(ReflectionDispatch.java:35) ~[na:na]
	at org.gradle.internal.dispatch.ReflectionDispatch.dispatch(ReflectionDispatch.java:24) ~[na:na]
	at org.gradle.internal.dispatch.ContextClassLoaderDispatch.dispatch(ContextClassLoaderDispatch.java:32) ~[na:na]
	at org.gradle.internal.dispatch.ProxyDispatchAdapter$DispatchingInvocationHandler.invoke(ProxyDispatchAdapter.java:93) ~[na:na]
	at com.sun.proxy.$Proxy2.processTestClass(Unknown Source) ~[na:na]
	at org.gradle.api.internal.tasks.testing.worker.TestWorker.processTestClass(TestWorker.java:118) ~[na:na]
	at sun.reflect.NativeMethodAccessorImpl.invoke0(Native Method) ~[na:1.8.0_211]
	at sun.reflect.NativeMethodAccessorImpl.invoke(NativeMethodAccessorImpl.java:62) ~[na:1.8.0_211]
	at sun.reflect.DelegatingMethodAccessorImpl.invoke(DelegatingMethodAccessorImpl.java:43) ~[na:1.8.0_211]
	at java.lang.reflect.Method.invoke(Method.java:498) ~[na:1.8.0_211]
	at org.gradle.internal.dispatch.ReflectionDispatch.dispatch(ReflectionDispatch.java:35) ~[na:na]
	at org.gradle.internal.dispatch.ReflectionDispatch.dispatch(ReflectionDispatch.java:24) ~[na:na]
	at org.gradle.internal.remote.internal.hub.MessageHubBackedObjectConnection$DispatchWrapper.dispatch(MessageHubBackedObjectConnection.java:175) ~[na:na]
	at org.gradle.internal.remote.internal.hub.MessageHubBackedObjectConnection$DispatchWrapper.dispatch(MessageHubBackedObjectConnection.java:157) ~[na:na]
	at org.gradle.internal.remote.internal.hub.MessageHub$Handler.run(MessageHub.java:404) ~[na:na]
	at org.gradle.internal.concurrent.ExecutorPolicy$CatchAndRecordFailures.onExecute(ExecutorPolicy.java:63) ~[na:na]
	at org.gradle.internal.concurrent.ManagedExecutorImpl$1.run(ManagedExecutorImpl.java:46) ~[na:na]
	at java.util.concurrent.ThreadPoolExecutor.runWorker(ThreadPoolExecutor.java:1149) ~[na:1.8.0_211]
	at java.util.concurrent.ThreadPoolExecutor$Worker.run(ThreadPoolExecutor.java:624) ~[na:1.8.0_211]
	at org.gradle.internal.concurrent.ThreadFactoryImpl$ManagedThreadRunnable.run(ThreadFactoryImpl.java:55) ~[na:na]
	at java.lang.Thread.run(Thread.java:748) ~[na:1.8.0_211]

2019-07-04 22:25:02.273  INFO 1751 --- [    Test worker] o.s.b.a.e.web.EndpointLinksResolver      : Exposing 19 endpoint(s) beneath base path '/actuator'
2019-07-04 22:25:02.336 DEBUG 1751 --- [    Test worker] ConditionEvaluationReportLoggingListener : 


============================
CONDITIONS EVALUATION REPORT
============================


Positive matches:
-----------------

   AopAutoConfiguration matched:
      - @ConditionalOnClass found required classes 'org.springframework.context.annotation.EnableAspectJAutoProxy', 'org.aspectj.lang.annotation.Aspect', 'org.aspectj.lang.reflect.Advice', 'org.aspectj.weaver.AnnotatedElement' (OnClassCondition)
      - @ConditionalOnProperty (spring.aop.auto=true) matched (OnPropertyCondition)

   AopAutoConfiguration.CglibAutoProxyConfiguration matched:
      - @ConditionalOnProperty (spring.aop.proxy-target-class=true) matched (OnPropertyCondition)

   ArchaiusAutoConfiguration matched:
      - @ConditionalOnClass found required classes 'com.netflix.config.ConcurrentCompositeConfiguration', 'org.apache.commons.configuration.ConfigurationBuilder' (OnClassCondition)

   ArchaiusAutoConfiguration.ArchaiusEndpointConfiguration matched:
      - @ConditionalOnClass found required class 'org.springframework.boot.actuate.health.Health' (OnClassCondition)

   ArchaiusAutoConfiguration.ArchaiusEndpointConfiguration#archaiusEndpoint matched:
      - @ConditionalOnEnabledEndpoint no property management.endpoint.archaius.enabled found so using endpoint default (OnEnabledEndpointCondition)

   ArchaiusAutoConfiguration.PropagateEventsConfiguration matched:
      - @ConditionalOnClass found required class 'org.springframework.cloud.context.environment.EnvironmentChangeEvent' (OnClassCondition)
      - @ConditionalOnProperty (archaius.propagate.environmentChangedEvent) matched (OnPropertyCondition)

   AuditAutoConfiguration#auditListener matched:
      - @ConditionalOnMissingBean (types: org.springframework.boot.actuate.audit.listener.AbstractAuditListener; SearchStrategy: all) did not find any beans (OnBeanCondition)

   AuditAutoConfiguration.AuditEventRepositoryConfiguration matched:
      - @ConditionalOnMissingBean (types: org.springframework.boot.actuate.audit.AuditEventRepository; SearchStrategy: all) did not find any beans (OnBeanCondition)

   AuditEventsEndpointAutoConfiguration matched:
      - @ConditionalOnEnabledEndpoint no property management.endpoint.auditevents.enabled found so using endpoint default (OnEnabledEndpointCondition)

   AuditEventsEndpointAutoConfiguration#auditEventsEndpoint matched:
      - @ConditionalOnBean (types: org.springframework.boot.actuate.audit.AuditEventRepository; SearchStrategy: all) found bean 'auditEventRepository'; @ConditionalOnMissingBean (types: org.springframework.boot.actuate.audit.AuditEventsEndpoint; SearchStrategy: all) did not find any beans (OnBeanCondition)

   AutoServiceRegistrationAutoConfiguration matched:
      - @ConditionalOnProperty (spring.cloud.service-registry.auto-registration.enabled) matched (OnPropertyCondition)

   AutoServiceRegistrationConfiguration matched:
      - @ConditionalOnProperty (spring.cloud.service-registry.auto-registration.enabled) matched (OnPropertyCondition)

   BeansEndpointAutoConfiguration matched:
      - @ConditionalOnEnabledEndpoint no property management.endpoint.beans.enabled found so using endpoint default (OnEnabledEndpointCondition)

   BeansEndpointAutoConfiguration#beansEndpoint matched:
      - @ConditionalOnMissingBean (types: org.springframework.boot.actuate.beans.BeansEndpoint; SearchStrategy: all) did not find any beans (OnBeanCondition)

   CacheMeterBinderProvidersConfiguration matched:
      - @ConditionalOnClass found required class 'io.micrometer.core.instrument.binder.MeterBinder' (OnClassCondition)

   CachesEndpointAutoConfiguration matched:
      - @ConditionalOnClass found required class 'org.springframework.cache.CacheManager' (OnClassCondition)
      - @ConditionalOnEnabledEndpoint no property management.endpoint.caches.enabled found so using endpoint default (OnEnabledEndpointCondition)

   CachesEndpointAutoConfiguration#cachesEndpoint matched:
      - @ConditionalOnMissingBean (types: org.springframework.boot.actuate.cache.CachesEndpoint; SearchStrategy: all) did not find any beans (OnBeanCondition)

   CachesEndpointAutoConfiguration#cachesEndpointWebExtension matched:
      - @ConditionalOnBean (types: org.springframework.boot.actuate.cache.CachesEndpoint; SearchStrategy: all) found bean 'cachesEndpoint'; @ConditionalOnMissingBean (types: org.springframework.boot.actuate.cache.CachesEndpointWebExtension; SearchStrategy: all) did not find any beans (OnBeanCondition)

   CassandraAutoConfiguration matched:
      - @ConditionalOnClass found required class 'com.datastax.driver.core.Cluster' (OnClassCondition)

   CassandraAutoConfiguration#cassandraCluster matched:
      - @ConditionalOnMissingBean (types: com.datastax.driver.core.Cluster; SearchStrategy: all) did not find any beans (OnBeanCondition)

   CassandraDataAutoConfiguration matched:
      - @ConditionalOnClass found required classes 'com.datastax.driver.core.Cluster', 'org.springframework.data.cassandra.core.CassandraAdminOperations' (OnClassCondition)
      - @ConditionalOnBean (types: com.datastax.driver.core.Cluster; SearchStrategy: all) found bean 'cassandraCluster' (OnBeanCondition)

   CassandraDataAutoConfiguration#cassandraConverter matched:
      - @ConditionalOnMissingBean (types: org.springframework.data.cassandra.core.convert.CassandraConverter; SearchStrategy: all) did not find any beans (OnBeanCondition)

   CassandraDataAutoConfiguration#cassandraCustomConversions matched:
      - @ConditionalOnMissingBean (types: org.springframework.data.cassandra.core.convert.CassandraCustomConversions; SearchStrategy: all) did not find any beans (OnBeanCondition)

   CassandraDataAutoConfiguration#cassandraMapping matched:
      - @ConditionalOnMissingBean (types: org.springframework.data.cassandra.core.mapping.CassandraMappingContext; SearchStrategy: all) did not find any beans (OnBeanCondition)

   CassandraDataAutoConfiguration#cassandraSession matched:
      - @ConditionalOnMissingBean (types: com.datastax.driver.core.Session; SearchStrategy: all) did not find any beans (OnBeanCondition)

   CassandraDataAutoConfiguration#cassandraTemplate matched:
      - @ConditionalOnMissingBean (types: org.springframework.data.cassandra.core.CassandraTemplate; SearchStrategy: all) did not find any beans (OnBeanCondition)

   CassandraHealthIndicatorAutoConfiguration matched:
      - @ConditionalOnClass found required classes 'com.datastax.driver.core.Cluster', 'org.springframework.data.cassandra.core.CassandraOperations' (OnClassCondition)
      - @ConditionalOnEnabledHealthIndicator management.health.defaults.enabled is considered true (OnEnabledHealthIndicatorCondition)
      - @ConditionalOnBean (types: org.springframework.data.cassandra.core.CassandraOperations; SearchStrategy: all) found bean 'cassandraTemplate' (OnBeanCondition)

   CassandraHealthIndicatorAutoConfiguration#cassandraHealthIndicator matched:
      - @ConditionalOnMissingBean (names: cassandraHealthIndicator; SearchStrategy: all) did not find any beans (OnBeanCondition)

   CassandraReactiveRepositoriesAutoConfiguration matched:
      - @ConditionalOnClass found required classes 'org.springframework.data.cassandra.ReactiveSession', 'org.springframework.data.cassandra.repository.ReactiveCassandraRepository' (OnClassCondition)
      - @ConditionalOnRepositoryType configured type of 'AUTO' matched required type (OnRepositoryTypeCondition)
      - @ConditionalOnMissingBean (types: org.springframework.data.cassandra.repository.support.ReactiveCassandraRepositoryFactoryBean; SearchStrategy: all) did not find any beans (OnBeanCondition)

   CassandraRepositoriesAutoConfiguration matched:
      - @ConditionalOnClass found required classes 'com.datastax.driver.core.Session', 'org.springframework.data.cassandra.repository.CassandraRepository' (OnClassCondition)
      - @ConditionalOnRepositoryType configured type of 'AUTO' matched required type (OnRepositoryTypeCondition)
      - @ConditionalOnMissingBean (types: org.springframework.data.cassandra.repository.support.CassandraRepositoryFactoryBean; SearchStrategy: all) did not find any beans (OnBeanCondition)

   CodecsAutoConfiguration matched:
      - @ConditionalOnClass found required class 'org.springframework.http.codec.CodecConfigurer' (OnClassCondition)

   CodecsAutoConfiguration.JacksonCodecConfiguration matched:
      - @ConditionalOnClass found required class 'com.fasterxml.jackson.databind.ObjectMapper' (OnClassCondition)

   CodecsAutoConfiguration.JacksonCodecConfiguration#jacksonCodecCustomizer matched:
      - @ConditionalOnBean (types: com.fasterxml.jackson.databind.ObjectMapper; SearchStrategy: all) found bean 'jacksonObjectMapper' (OnBeanCondition)

   CommonsClientAutoConfiguration.ActuatorConfiguration matched:
      - @ConditionalOnClass found required class 'org.springframework.boot.actuate.endpoint.annotation.Endpoint' (OnClassCondition)
      - @ConditionalOnProperty (spring.cloud.features.enabled) matched (OnPropertyCondition)

   CommonsClientAutoConfiguration.ActuatorConfiguration#featuresEndpoint matched:
      - @ConditionalOnEnabledEndpoint no property management.endpoint.features.enabled found so using endpoint default (OnEnabledEndpointCondition)

   CompatibilityVerifierAutoConfiguration matched:
      - @ConditionalOnProperty (spring.cloud.compatibility-verifier.enabled) matched (OnPropertyCondition)

   CompositeMeterRegistryAutoConfiguration matched:
      - @ConditionalOnClass found required class 'io.micrometer.core.instrument.composite.CompositeMeterRegistry' (OnClassCondition)

   ConditionsReportEndpointAutoConfiguration matched:
      - @ConditionalOnEnabledEndpoint no property management.endpoint.conditions.enabled found so using endpoint default (OnEnabledEndpointCondition)

   ConditionsReportEndpointAutoConfiguration#conditionsReportEndpoint matched:
      - @ConditionalOnMissingBean (types: org.springframework.boot.actuate.autoconfigure.condition.ConditionsReportEndpoint; SearchStrategy: current) did not find any beans (OnBeanCondition)

   ConfigurationPropertiesRebinderAutoConfiguration matched:
      - @ConditionalOnBean (types: org.springframework.boot.context.properties.ConfigurationPropertiesBindingPostProcessor; SearchStrategy: all) found bean 'org.springframework.boot.context.properties.ConfigurationPropertiesBindingPostProcessor' (OnBeanCondition)

   ConfigurationPropertiesRebinderAutoConfiguration#configurationPropertiesBeans matched:
      - @ConditionalOnMissingBean (types: org.springframework.cloud.context.properties.ConfigurationPropertiesBeans; SearchStrategy: current) did not find any beans (OnBeanCondition)

   ConfigurationPropertiesRebinderAutoConfiguration#configurationPropertiesRebinder matched:
      - @ConditionalOnMissingBean (types: org.springframework.cloud.context.properties.ConfigurationPropertiesRebinder; SearchStrategy: current) did not find any beans (OnBeanCondition)

   ConfigurationPropertiesReportEndpointAutoConfiguration matched:
      - @ConditionalOnEnabledEndpoint no property management.endpoint.configprops.enabled found so using endpoint default (OnEnabledEndpointCondition)

   ConfigurationPropertiesReportEndpointAutoConfiguration#configurationPropertiesReportEndpoint matched:
      - @ConditionalOnMissingBean (types: org.springframework.boot.actuate.context.properties.ConfigurationPropertiesReportEndpoint; SearchStrategy: all) did not find any beans (OnBeanCondition)

   DiskSpaceHealthIndicatorAutoConfiguration matched:
      - @ConditionalOnEnabledHealthIndicator management.health.defaults.enabled is considered true (OnEnabledHealthIndicatorCondition)

   DiskSpaceHealthIndicatorAutoConfiguration#diskSpaceHealthIndicator matched:
      - @ConditionalOnMissingBean (names: diskSpaceHealthIndicator; SearchStrategy: all) did not find any beans (OnBeanCondition)

   DispatcherServletAutoConfiguration matched:
      - @ConditionalOnClass found required class 'org.springframework.web.servlet.DispatcherServlet' (OnClassCondition)
      - found 'session' scope (OnWebApplicationCondition)

   DispatcherServletAutoConfiguration.DispatcherServletConfiguration matched:
      - @ConditionalOnClass found required class 'javax.servlet.ServletRegistration' (OnClassCondition)
      - Default DispatcherServlet did not find dispatcher servlet beans (DispatcherServletAutoConfiguration.DefaultDispatcherServletCondition)

   DispatcherServletAutoConfiguration.DispatcherServletRegistrationConfiguration matched:
      - @ConditionalOnClass found required class 'javax.servlet.ServletRegistration' (OnClassCondition)
      - DispatcherServlet Registration did not find servlet registration bean (DispatcherServletAutoConfiguration.DispatcherServletRegistrationCondition)

   DispatcherServletAutoConfiguration.DispatcherServletRegistrationConfiguration#dispatcherServletRegistration matched:
      - @ConditionalOnBean (names: dispatcherServlet; types: org.springframework.web.servlet.DispatcherServlet; SearchStrategy: all) found bean 'dispatcherServlet' (OnBeanCondition)

   EmbeddedWebServerFactoryCustomizerAutoConfiguration matched:
      - @ConditionalOnWebApplication (required) found 'session' scope (OnWebApplicationCondition)

   EmbeddedWebServerFactoryCustomizerAutoConfiguration.TomcatWebServerFactoryCustomizerConfiguration matched:
      - @ConditionalOnClass found required classes 'org.apache.catalina.startup.Tomcat', 'org.apache.coyote.UpgradeProtocol' (OnClassCondition)

   EndpointAutoConfiguration#endpointCachingOperationInvokerAdvisor matched:
      - @ConditionalOnMissingBean (types: org.springframework.boot.actuate.endpoint.invoker.cache.CachingOperationInvokerAdvisor; SearchStrategy: all) did not find any beans (OnBeanCondition)

   EndpointAutoConfiguration#endpointOperationParameterMapper matched:
      - @ConditionalOnMissingBean (types: org.springframework.boot.actuate.endpoint.invoke.ParameterValueMapper; SearchStrategy: all) did not find any beans (OnBeanCondition)

   EnvironmentEndpointAutoConfiguration matched:
      - @ConditionalOnEnabledEndpoint no property management.endpoint.env.enabled found so using endpoint default (OnEnabledEndpointCondition)

   ErrorMvcAutoConfiguration matched:
      - @ConditionalOnClass found required classes 'javax.servlet.Servlet', 'org.springframework.web.servlet.DispatcherServlet' (OnClassCondition)
      - found 'session' scope (OnWebApplicationCondition)

   ErrorMvcAutoConfiguration#basicErrorController matched:
      - @ConditionalOnMissingBean (types: org.springframework.boot.web.servlet.error.ErrorController; SearchStrategy: current) did not find any beans (OnBeanCondition)

   ErrorMvcAutoConfiguration#errorAttributes matched:
      - @ConditionalOnMissingBean (types: org.springframework.boot.web.servlet.error.ErrorAttributes; SearchStrategy: current) did not find any beans (OnBeanCondition)

   ErrorMvcAutoConfiguration.DefaultErrorViewResolverConfiguration#conventionErrorViewResolver matched:
      - @ConditionalOnBean (types: org.springframework.web.servlet.DispatcherServlet; SearchStrategy: all) found bean 'dispatcherServlet'; @ConditionalOnMissingBean (types: org.springframework.boot.autoconfigure.web.servlet.error.DefaultErrorViewResolver; SearchStrategy: all) did not find any beans (OnBeanCondition)

   ErrorMvcAutoConfiguration.WhitelabelErrorViewConfiguration matched:
      - @ConditionalOnProperty (server.error.whitelabel.enabled) matched (OnPropertyCondition)
      - ErrorTemplate Missing did not find error template view (ErrorMvcAutoConfiguration.ErrorTemplateMissingCondition)

   ErrorMvcAutoConfiguration.WhitelabelErrorViewConfiguration#beanNameViewResolver matched:
      - @ConditionalOnMissingBean (types: org.springframework.web.servlet.view.BeanNameViewResolver; SearchStrategy: all) did not find any beans (OnBeanCondition)

   ErrorMvcAutoConfiguration.WhitelabelErrorViewConfiguration#defaultErrorView matched:
      - @ConditionalOnMissingBean (names: error; SearchStrategy: all) did not find any beans (OnBeanCondition)

   FreeMarkerAutoConfiguration matched:
      - @ConditionalOnClass found required classes 'freemarker.template.Configuration', 'org.springframework.ui.freemarker.FreeMarkerConfigurationFactory' (OnClassCondition)

   FreeMarkerServletWebConfiguration matched:
      - @ConditionalOnClass found required classes 'javax.servlet.Servlet', 'org.springframework.web.servlet.view.freemarker.FreeMarkerConfigurer' (OnClassCondition)
      - found 'session' scope (OnWebApplicationCondition)

   FreeMarkerServletWebConfiguration#freeMarkerConfigurer matched:
      - @ConditionalOnMissingBean (types: org.springframework.web.servlet.view.freemarker.FreeMarkerConfig; SearchStrategy: all) did not find any beans (OnBeanCondition)

   FreeMarkerServletWebConfiguration#freeMarkerViewResolver matched:
      - @ConditionalOnProperty (spring.freemarker.enabled) matched (OnPropertyCondition)
      - @ConditionalOnMissingBean (names: freeMarkerViewResolver; SearchStrategy: all) did not find any beans (OnBeanCondition)

   GenericCacheConfiguration matched:
      - Cache org.springframework.boot.autoconfigure.cache.GenericCacheConfiguration automatic cache type (CacheCondition)

   GroovyTemplateAutoConfiguration matched:
      - @ConditionalOnClass found required class 'groovy.text.markup.MarkupTemplateEngine' (OnClassCondition)

   GroovyTemplateAutoConfiguration.GroovyMarkupConfiguration matched:
      - @ConditionalOnClass found required class 'org.springframework.web.servlet.view.groovy.GroovyMarkupConfigurer' (OnClassCondition)

   GroovyTemplateAutoConfiguration.GroovyMarkupConfiguration#groovyMarkupConfigurer matched:
      - @ConditionalOnMissingBean (types: org.springframework.web.servlet.view.groovy.GroovyMarkupConfig; SearchStrategy: all) did not find any beans (OnBeanCondition)

   GroovyTemplateAutoConfiguration.GroovyWebConfiguration matched:
      - @ConditionalOnClass found required classes 'javax.servlet.Servlet', 'org.springframework.context.i18n.LocaleContextHolder', 'org.springframework.web.servlet.view.UrlBasedViewResolver' (OnClassCondition)
      - found 'session' scope (OnWebApplicationCondition)
      - @ConditionalOnProperty (spring.groovy.template.enabled) matched (OnPropertyCondition)

   GroovyTemplateAutoConfiguration.GroovyWebConfiguration#groovyMarkupViewResolver matched:
      - @ConditionalOnMissingBean (names: groovyMarkupViewResolver; SearchStrategy: all) did not find any beans (OnBeanCondition)

   HealthEndpointConfiguration matched:
      - @ConditionalOnEnabledEndpoint no property management.endpoint.health.enabled found so using endpoint default (OnEnabledEndpointCondition)
      - @ConditionalOnSingleCandidate (types: org.springframework.boot.actuate.health.HealthIndicatorRegistry; SearchStrategy: all) found a primary bean from beans 'healthIndicatorRegistry' (OnBeanCondition)

   HealthEndpointConfiguration#healthEndpoint matched:
      - @ConditionalOnMissingBean (types: org.springframework.boot.actuate.health.HealthEndpoint; SearchStrategy: all) did not find any beans (OnBeanCondition)

   HealthEndpointWebExtensionConfiguration#createHealthStatusHttpMapper matched:
      - @ConditionalOnMissingBean (types: org.springframework.boot.actuate.health.HealthStatusHttpMapper; SearchStrategy: all) did not find any beans (OnBeanCondition)

   HealthEndpointWebExtensionConfiguration#healthWebEndpointResponseMapper matched:
      - @ConditionalOnMissingBean (types: org.springframework.boot.actuate.health.HealthWebEndpointResponseMapper; SearchStrategy: all) did not find any beans (OnBeanCondition)

   HealthEndpointWebExtensionConfiguration.ServletWebHealthConfiguration matched:
      - found 'session' scope (OnWebApplicationCondition)
      - @ConditionalOnEnabledEndpoint no property management.endpoint.health.enabled found so using endpoint default (OnEnabledEndpointCondition)

   HealthEndpointWebExtensionConfiguration.ServletWebHealthConfiguration#healthEndpointWebExtension matched:
      - @ConditionalOnBean (types: org.springframework.boot.actuate.health.HealthEndpoint; SearchStrategy: all) found bean 'healthEndpoint'; @ConditionalOnMissingBean (types: org.springframework.boot.actuate.health.HealthEndpointWebExtension; SearchStrategy: all) did not find any beans (OnBeanCondition)

   HealthIndicatorAutoConfiguration#healthAggregator matched:
      - @ConditionalOnMissingBean (types: org.springframework.boot.actuate.health.HealthAggregator; SearchStrategy: all) did not find any beans (OnBeanCondition)

   HealthIndicatorAutoConfiguration#healthIndicatorRegistry matched:
      - @ConditionalOnMissingBean (types: org.springframework.boot.actuate.health.HealthIndicatorRegistry; SearchStrategy: all) did not find any beans (OnBeanCondition)

   HeapDumpWebEndpointAutoConfiguration matched:
      - @ConditionalOnEnabledEndpoint no property management.endpoint.heapdump.enabled found so using endpoint default (OnEnabledEndpointCondition)

   HeapDumpWebEndpointAutoConfiguration#heapDumpWebEndpoint matched:
      - @ConditionalOnMissingBean (types: org.springframework.boot.actuate.management.HeapDumpWebEndpoint; SearchStrategy: all) did not find any beans (OnBeanCondition)

   HttpClientConfiguration.ApacheHttpClientConfiguration matched:
      - @ConditionalOnClass found required class 'org.apache.http.client.HttpClient' (OnClassCondition)
      - @ConditionalOnProperty (spring.cloud.httpclientfactories.apache.enabled) matched (OnPropertyCondition)

   HttpClientConfiguration.ApacheHttpClientConfiguration#apacheHttpClientBuilder matched:
      - @ConditionalOnMissingBean (types: org.apache.http.impl.client.HttpClientBuilder; SearchStrategy: all) did not find any beans (OnBeanCondition)

   HttpClientConfiguration.ApacheHttpClientConfiguration#apacheHttpClientFactory matched:
      - @ConditionalOnMissingBean (types: org.springframework.cloud.commons.httpclient.ApacheHttpClientFactory; SearchStrategy: all) did not find any beans (OnBeanCondition)

   HttpClientConfiguration.ApacheHttpClientConfiguration#connManFactory matched:
      - @ConditionalOnMissingBean (types: org.springframework.cloud.commons.httpclient.ApacheHttpClientConnectionManagerFactory; SearchStrategy: all) did not find any beans (OnBeanCondition)

   HttpClientMetricsAutoConfiguration matched:
      - @ConditionalOnClass found required class 'io.micrometer.core.instrument.MeterRegistry' (OnClassCondition)
      - @ConditionalOnBean (types: io.micrometer.core.instrument.MeterRegistry; SearchStrategy: all) found bean 'simpleMeterRegistry' (OnBeanCondition)

   HttpEncodingAutoConfiguration matched:
      - @ConditionalOnClass found required class 'org.springframework.web.filter.CharacterEncodingFilter' (OnClassCondition)
      - found 'session' scope (OnWebApplicationCondition)
      - @ConditionalOnProperty (spring.http.encoding.enabled) matched (OnPropertyCondition)

   HttpEncodingAutoConfiguration#characterEncodingFilter matched:
      - @ConditionalOnMissingBean (types: org.springframework.web.filter.CharacterEncodingFilter; SearchStrategy: all) did not find any beans (OnBeanCondition)

   HttpMessageConvertersAutoConfiguration matched:
      - @ConditionalOnClass found required class 'org.springframework.http.converter.HttpMessageConverter' (OnClassCondition)

   HttpMessageConvertersAutoConfiguration#messageConverters matched:
      - @ConditionalOnMissingBean (types: org.springframework.boot.autoconfigure.http.HttpMessageConverters; SearchStrategy: all) did not find any beans (OnBeanCondition)

   HttpMessageConvertersAutoConfiguration.StringHttpMessageConverterConfiguration matched:
      - @ConditionalOnClass found required class 'org.springframework.http.converter.StringHttpMessageConverter' (OnClassCondition)

   HttpMessageConvertersAutoConfiguration.StringHttpMessageConverterConfiguration#stringHttpMessageConverter matched:
      - @ConditionalOnMissingBean (types: org.springframework.http.converter.StringHttpMessageConverter; SearchStrategy: all) did not find any beans (OnBeanCondition)

   HttpTraceAutoConfiguration matched:
      - @ConditionalOnWebApplication (required) found 'session' scope (OnWebApplicationCondition)
      - @ConditionalOnProperty (management.trace.http.enabled) matched (OnPropertyCondition)

   HttpTraceAutoConfiguration#httpExchangeTracer matched:
      - @ConditionalOnMissingBean (types: org.springframework.boot.actuate.trace.http.HttpExchangeTracer; SearchStrategy: all) did not find any beans (OnBeanCondition)

   HttpTraceAutoConfiguration#traceRepository matched:
      - @ConditionalOnMissingBean (types: org.springframework.boot.actuate.trace.http.HttpTraceRepository; SearchStrategy: all) did not find any beans (OnBeanCondition)

   HttpTraceAutoConfiguration.ServletTraceFilterConfiguration matched:
      - found 'session' scope (OnWebApplicationCondition)

   HttpTraceAutoConfiguration.ServletTraceFilterConfiguration#httpTraceFilter matched:
      - @ConditionalOnMissingBean (types: org.springframework.boot.actuate.web.trace.servlet.HttpTraceFilter; SearchStrategy: all) did not find any beans (OnBeanCondition)

   HttpTraceEndpointAutoConfiguration matched:
      - @ConditionalOnEnabledEndpoint no property management.endpoint.httptrace.enabled found so using endpoint default (OnEnabledEndpointCondition)

   HttpTraceEndpointAutoConfiguration#httpTraceEndpoint matched:
      - @ConditionalOnBean (types: org.springframework.boot.actuate.trace.http.HttpTraceRepository; SearchStrategy: all) found bean 'traceRepository'; @ConditionalOnMissingBean (types: org.springframework.boot.actuate.trace.http.HttpTraceEndpoint; SearchStrategy: all) did not find any beans (OnBeanCondition)

   HystrixAutoConfiguration matched:
      - @ConditionalOnClass found required classes 'com.netflix.hystrix.Hystrix', 'org.springframework.boot.actuate.health.HealthIndicator', 'org.springframework.boot.actuate.autoconfigure.health.HealthIndicatorAutoConfiguration' (OnClassCondition)

   HystrixAutoConfiguration#hystrixHealthIndicator matched:
      - @ConditionalOnEnabledHealthIndicator management.health.defaults.enabled is considered true (OnEnabledHealthIndicatorCondition)

   HystrixAutoConfiguration.HystrixMetricsConfiguration matched:
      - @ConditionalOnClass found required class 'io.micrometer.core.instrument.binder.hystrix.HystrixMetricsBinder' (OnClassCondition)
      - @ConditionalOnProperty (management.metrics.binders.hystrix.enabled) matched (OnPropertyCondition)

   HystrixAutoConfiguration.HystrixServletAutoConfiguration matched:
      - @ConditionalOnClass found required class 'com.netflix.hystrix.contrib.metrics.eventstream.HystrixMetricsStreamServlet' (OnClassCondition)
      - found 'session' scope (OnWebApplicationCondition)
      - @ConditionalOnBean (types: com.netflix.hystrix.contrib.javanica.aop.aspectj.HystrixCommandAspect; SearchStrategy: all) found bean 'hystrixCommandAspect' (OnBeanCondition)

   HystrixAutoConfiguration.HystrixServletAutoConfiguration#hystrixStreamEndpoint matched:
      - @ConditionalOnEnabledEndpoint no property management.endpoint.hystrix.stream.enabled found so using endpoint default (OnEnabledEndpointCondition)

   InfoContributorAutoConfiguration#envInfoContributor matched:
      - @ConditionalOnEnabledInfoContributor management.info.defaults.enabled is considered true (OnEnabledInfoContributorCondition)

   InfoEndpointAutoConfiguration matched:
      - @ConditionalOnEnabledEndpoint no property management.endpoint.info.enabled found so using endpoint default (OnEnabledEndpointCondition)

   InfoEndpointAutoConfiguration#infoEndpoint matched:
      - @ConditionalOnMissingBean (types: org.springframework.boot.actuate.info.InfoEndpoint; SearchStrategy: all) did not find any beans (OnBeanCondition)

   JacksonAutoConfiguration matched:
      - @ConditionalOnClass found required class 'com.fasterxml.jackson.databind.ObjectMapper' (OnClassCondition)

   JacksonAutoConfiguration.Jackson2ObjectMapperBuilderCustomizerConfiguration matched:
      - @ConditionalOnClass found required class 'org.springframework.http.converter.json.Jackson2ObjectMapperBuilder' (OnClassCondition)

   JacksonAutoConfiguration.JacksonObjectMapperBuilderConfiguration matched:
      - @ConditionalOnClass found required class 'org.springframework.http.converter.json.Jackson2ObjectMapperBuilder' (OnClassCondition)

   JacksonAutoConfiguration.JacksonObjectMapperBuilderConfiguration#jacksonObjectMapperBuilder matched:
      - @ConditionalOnMissingBean (types: org.springframework.http.converter.json.Jackson2ObjectMapperBuilder; SearchStrategy: all) did not find any beans (OnBeanCondition)

   JacksonAutoConfiguration.JacksonObjectMapperConfiguration matched:
      - @ConditionalOnClass found required class 'org.springframework.http.converter.json.Jackson2ObjectMapperBuilder' (OnClassCondition)

   JacksonAutoConfiguration.JacksonObjectMapperConfiguration#jacksonObjectMapper matched:
      - @ConditionalOnMissingBean (types: com.fasterxml.jackson.databind.ObjectMapper; SearchStrategy: all) did not find any beans (OnBeanCondition)

   JacksonAutoConfiguration.ParameterNamesModuleConfiguration matched:
      - @ConditionalOnClass found required class 'com.fasterxml.jackson.module.paramnames.ParameterNamesModule' (OnClassCondition)

[...]
      Did not match:
         - @ConditionalOnClass did not find required class 'org.neo4j.ogm.session.Neo4jSession' (OnClassCondition)

   NewRelicMetricsExportAutoConfiguration:
      Did not match:
         - @ConditionalOnClass did not find required class 'io.micrometer.newrelic.NewRelicMeterRegistry' (OnClassCondition)

   NoOpMeterRegistryConfiguration:
      Did not match:
         - @ConditionalOnMissingBean (types: io.micrometer.core.instrument.MeterRegistry; SearchStrategy: all) found beans of type 'io.micrometer.core.instrument.MeterRegistry' simpleMeterRegistry (OnBeanCondition)

   NoopDiscoveryClientAutoConfiguration:
      Did not match:
         - @ConditionalOnMissingBean (types: org.springframework.cloud.client.discovery.DiscoveryClient; SearchStrategy: all) found beans of type 'org.springframework.cloud.client.discovery.DiscoveryClient' compositeDiscoveryClient, simpleDiscoveryClient (OnBeanCondition)

   NoopDiscoveryClientAutoConfiguration.Boot15PortFinderConfiguration:
      Did not match:
         - @ConditionalOnClass did not find required class 'org.springframework.boot.context.embedded.EmbeddedWebApplicationContext' (OnClassCondition)
         - Ancestor org.springframework.cloud.client.discovery.noop.NoopDiscoveryClientAutoConfiguration did not match (ConditionEvaluationReport.AncestorsMatchedCondition)

   OAuth2ClientAutoConfiguration:
      Did not match:
         - @ConditionalOnClass did not find required class 'org.springframework.security.config.annotation.web.configuration.EnableWebSecurity' (OnClassCondition)

   OAuth2ResourceServerAutoConfiguration:
      Did not match:
         - @ConditionalOnClass did not find required class 'org.springframework.security.oauth2.jwt.JwtDecoder' (OnClassCondition)

   PauseResumeEndpointsConfiguration#pauseEndpoint:
      Did not match:
         - @ConditionalOnBean (types: org.springframework.cloud.context.restart.RestartEndpoint; SearchStrategy: all) did not find any beans of type org.springframework.cloud.context.restart.RestartEndpoint (OnBeanCondition)

   PauseResumeEndpointsConfiguration#resumeEndpoint:
      Did not match:
         - @ConditionalOnBean (types: org.springframework.cloud.context.restart.RestartEndpoint; SearchStrategy: all) did not find any beans of type org.springframework.cloud.context.restart.RestartEndpoint (OnBeanCondition)

   ProjectInfoAutoConfiguration#buildProperties:
      Did not match:
         - @ConditionalOnResource did not find resource '${spring.info.build.location:classpath:META-INF/build-info.properties}' (OnResourceCondition)

   ProjectInfoAutoConfiguration#gitProperties:
      Did not match:
         - GitResource did not find git info at classpath:git.properties (ProjectInfoAutoConfiguration.GitResourceAvailableCondition)

   PrometheusMetricsExportAutoConfiguration:
      Did not match:
         - @ConditionalOnClass did not find required class 'io.micrometer.prometheus.PrometheusMeterRegistry' (OnClassCondition)

   QuartzAutoConfiguration:
      Did not match:
         - @ConditionalOnClass did not find required class 'org.quartz.Scheduler' (OnClassCondition)

   RabbitAutoConfiguration:
      Did not match:
         - @ConditionalOnClass did not find required class 'com.rabbitmq.client.Channel' (OnClassCondition)

   RabbitHealthIndicatorAutoConfiguration:
      Did not match:
         - @ConditionalOnClass did not find required class 'org.springframework.amqp.rabbit.core.RabbitTemplate' (OnClassCondition)

   RabbitMetricsAutoConfiguration:
      Did not match:
         - @ConditionalOnClass did not find required class 'com.rabbitmq.client.ConnectionFactory' (OnClassCondition)

   ReactiveCloudFoundryActuatorAutoConfiguration:
      Did not match:
         - @ConditionalOnWebApplication did not find reactive web application classes (OnWebApplicationCondition)

   ReactiveLoadBalancerAutoConfiguration:
      Did not match:
         - @ConditionalOnClass did not find required class 'org.springframework.web.reactive.function.client.WebClient' (OnClassCondition)

   ReactiveManagementContextAutoConfiguration:
      Did not match:
         - @ConditionalOnClass did not find required class 'reactor.core.publisher.Flux' (OnClassCondition)

   ReactiveManagementWebSecurityAutoConfiguration:
      Did not match:
         - @ConditionalOnClass did not find required class 'org.springframework.security.config.annotation.web.reactive.EnableWebFluxSecurity' (OnClassCondition)

   ReactiveOAuth2ClientAutoConfiguration:
      Did not match:
         - @ConditionalOnClass did not find required class 'reactor.core.publisher.Flux' (OnClassCondition)

   ReactiveOAuth2ResourceServerAutoConfiguration:
      Did not match:
         - @ConditionalOnClass did not find required class 'org.springframework.security.config.annotation.web.reactive.EnableWebFluxSecurity' (OnClassCondition)

   ReactiveSecurityAutoConfiguration:
      Did not match:
         - @ConditionalOnClass did not find required class 'reactor.core.publisher.Flux' (OnClassCondition)

   ReactiveUserDetailsServiceAutoConfiguration:
      Did not match:
         - @ConditionalOnClass did not find required class 'org.springframework.security.authentication.ReactiveAuthenticationManager' (OnClassCondition)

   ReactiveWebServerFactoryAutoConfiguration:
      Did not match:
         - @ConditionalOnWebApplication did not find reactive web application classes (OnWebApplicationCondition)

   ReactorCoreAutoConfiguration:
      Did not match:
         - @ConditionalOnClass did not find required class 'reactor.core.publisher.Flux' (OnClassCondition)

   RedisAutoConfiguration:
      Did not match:
         - @ConditionalOnClass did not find required class 'org.springframework.data.redis.core.RedisOperations' (OnClassCondition)

   RedisCacheConfiguration:
      Did not match:
         - @ConditionalOnClass did not find required class 'org.springframework.data.redis.connection.RedisConnectionFactory' (OnClassCondition)

   RedisHealthIndicatorAutoConfiguration:
      Did not match:
         - @ConditionalOnClass did not find required class 'org.springframework.data.redis.connection.RedisConnectionFactory' (OnClassCondition)

   RedisReactiveAutoConfiguration:
      Did not match:
         - @ConditionalOnClass did not find required class 'reactor.core.publisher.Flux' (OnClassCondition)

   RedisReactiveHealthIndicatorAutoConfiguration:
      Did not match:
         - @ConditionalOnClass did not find required class 'reactor.core.publisher.Flux' (OnClassCondition)

   RedisRepositoriesAutoConfiguration:
      Did not match:
         - @ConditionalOnClass did not find required class 'org.springframework.data.redis.repository.configuration.EnableRedisRepositories' (OnClassCondition)

   RefreshAutoConfiguration.JpaInvokerConfiguration:
      Did not match:
         - @ConditionalOnClass did not find required class 'javax.persistence.EntityManagerFactory' (OnClassCondition)

   RepositoryRestMvcAutoConfiguration:
      Did not match:
         - @ConditionalOnClass did not find required class 'org.springframework.data.rest.webmvc.config.RepositoryRestMvcConfiguration' (OnClassCondition)

   RestClientAutoConfiguration:
      Did not match:
         - @ConditionalOnClass did not find required class 'org.elasticsearch.client.RestClient' (OnClassCondition)

   RestartEndpointWithIntegrationConfiguration:
      Did not match:
         - @ConditionalOnClass did not find required class 'org.springframework.integration.monitor.IntegrationMBeanExporter' (OnClassCondition)

   RestartEndpointWithoutIntegrationConfiguration#restartEndpointWithoutIntegration:
      Did not match:
         - @ConditionalOnEnabledEndpoint no property management.endpoint.restart.enabled found so using endpoint default (OnEnabledEndpointCondition)

   RibbonAutoConfiguration:
      Did not match:
         - AllNestedConditions 2 matched 2 did not; NestedCondition on RibbonAutoConfiguration.RibbonClassesConditions.RibbonPresent @ConditionalOnClass did not find required class 'com.netflix.ribbon.Ribbon'; NestedCondition on RibbonAutoConfiguration.RibbonClassesConditions.AsyncRestTemplatePresent @ConditionalOnClass found required class 'org.springframework.web.client.AsyncRestTemplate'; NestedCondition on RibbonAutoConfiguration.RibbonClassesConditions.RestTemplatePresent @ConditionalOnClass found required class 'org.springframework.web.client.RestTemplate'; NestedCondition on RibbonAutoConfiguration.RibbonClassesConditions.IClientPresent @ConditionalOnClass did not find required class 'com.netflix.client.IClient' (RibbonAutoConfiguration.RibbonClassesConditions)

   SecurityAutoConfiguration:
      Did not match:
         - @ConditionalOnClass did not find required class 'org.springframework.security.authentication.DefaultAuthenticationEventPublisher' (OnClassCondition)

   SecurityFilterAutoConfiguration:
      Did not match:
         - @ConditionalOnClass did not find required class 'org.springframework.security.config.http.SessionCreationPolicy' (OnClassCondition)

   SecurityRequestMatcherProviderAutoConfiguration:
      Did not match:
         - @ConditionalOnClass did not find required class 'org.springframework.security.web.util.matcher.RequestMatcher' (OnClassCondition)

   SendGridAutoConfiguration:
      Did not match:
         - @ConditionalOnClass did not find required class 'com.sendgrid.SendGrid' (OnClassCondition)

   ServiceRegistryAutoConfiguration.ServiceRegistryEndpointConfiguration:
      Did not match:
         - @ConditionalOnBean (types: org.springframework.cloud.client.serviceregistry.ServiceRegistry; SearchStrategy: all) did not find any beans of type org.springframework.cloud.client.serviceregistry.ServiceRegistry (OnBeanCondition)
      Matched:
         - @ConditionalOnClass found required class 'org.springframework.boot.actuate.endpoint.annotation.Endpoint' (OnClassCondition)

   ServletEndpointManagementContextConfiguration.JerseyServletEndpointManagementContextConfiguration:
      Did not match:
         - @ConditionalOnClass did not find required class 'org.glassfish.jersey.server.ResourceConfig' (OnClassCondition)

   ServletManagementContextAutoConfiguration.ApplicationContextFilterConfiguration:
      Did not match:
         - @ConditionalOnProperty (management.server.add-application-context-header=true) did not find property 'add-application-context-header' (OnPropertyCondition)

   ServletWebServerFactoryConfiguration.EmbeddedJetty:
      Did not match:
         - @ConditionalOnClass did not find required classes 'org.eclipse.jetty.server.Server', 'org.eclipse.jetty.util.Loader', 'org.eclipse.jetty.webapp.WebAppContext' (OnClassCondition)

   ServletWebServerFactoryConfiguration.EmbeddedUndertow:
      Did not match:
         - @ConditionalOnClass did not find required classes 'io.undertow.Undertow', 'org.xnio.SslClientAuthMode' (OnClassCondition)

   SessionAutoConfiguration:
      Did not match:
         - @ConditionalOnClass did not find required class 'org.springframework.session.Session' (OnClassCondition)

   SessionsEndpointAutoConfiguration:
      Did not match:
         - @ConditionalOnClass did not find required class 'org.springframework.session.FindByIndexNameSessionRepository' (OnClassCondition)

   ShutdownEndpointAutoConfiguration:
      Did not match:
         - @ConditionalOnEnabledEndpoint no property management.endpoint.shutdown.enabled found so using endpoint default (OnEnabledEndpointCondition)

   SignalFxMetricsExportAutoConfiguration:
      Did not match:
         - @ConditionalOnClass did not find required class 'io.micrometer.signalfx.SignalFxMeterRegistry' (OnClassCondition)

   SolrAutoConfiguration:
      Did not match:
         - @ConditionalOnClass did not find required class 'org.apache.solr.client.solrj.impl.CloudSolrClient' (OnClassCondition)

   SolrHealthIndicatorAutoConfiguration:
      Did not match:
         - @ConditionalOnClass did not find required class 'org.apache.solr.client.solrj.SolrClient' (OnClassCondition)

   SolrRepositoriesAutoConfiguration:
      Did not match:
         - @ConditionalOnClass did not find required class 'org.apache.solr.client.solrj.SolrClient' (OnClassCondition)

   SpringApplicationAdminJmxAutoConfiguration:
      Did not match:
         - @ConditionalOnProperty (spring.application.admin.enabled=true) did not find property 'enabled' (OnPropertyCondition)

   StatsdMetricsExportAutoConfiguration:
      Did not match:
         - @ConditionalOnClass did not find required class 'io.micrometer.statsd.StatsdMeterRegistry' (OnClassCondition)

   TaskSchedulingAutoConfiguration#taskScheduler:
      Did not match:
         - @ConditionalOnBean (names: org.springframework.context.annotation.internalScheduledAnnotationProcessor; SearchStrategy: all) did not find any beans named org.springframework.context.annotation.internalScheduledAnnotationProcessor (OnBeanCondition)

   ThymeleafAutoConfiguration:
      Did not match:
         - @ConditionalOnClass did not find required class 'org.thymeleaf.spring5.SpringTemplateEngine' (OnClassCondition)

   TransactionAutoConfiguration.EnableTransactionManagementConfiguration:
      Did not match:
         - @ConditionalOnBean (types: org.springframework.transaction.PlatformTransactionManager; SearchStrategy: all) did not find any beans of type org.springframework.transaction.PlatformTransactionManager (OnBeanCondition)

   TransactionAutoConfiguration.EnableTransactionManagementConfiguration.CglibAutoProxyConfiguration:
      Did not match:
         - Ancestor org.springframework.boot.autoconfigure.transaction.TransactionAutoConfiguration$EnableTransactionManagementConfiguration did not match (ConditionEvaluationReport.AncestorsMatchedCondition)
      Matched:
         - @ConditionalOnProperty (spring.aop.proxy-target-class=true) matched (OnPropertyCondition)

   TransactionAutoConfiguration.EnableTransactionManagementConfiguration.JdkDynamicAutoProxyConfiguration:
      Did not match:
         - @ConditionalOnProperty (spring.aop.proxy-target-class=false) did not find property 'proxy-target-class' (OnPropertyCondition)
         - Ancestor org.springframework.boot.autoconfigure.transaction.TransactionAutoConfiguration$EnableTransactionManagementConfiguration did not match (ConditionEvaluationReport.AncestorsMatchedCondition)

   TransactionAutoConfiguration.TransactionTemplateConfiguration:
      Did not match:
         - @ConditionalOnSingleCandidate (types: org.springframework.transaction.PlatformTransactionManager; SearchStrategy: all) did not find any beans (OnBeanCondition)

   UserDetailsServiceAutoConfiguration:
      Did not match:
         - @ConditionalOnClass did not find required class 'org.springframework.security.authentication.AuthenticationManager' (OnClassCondition)

   WavefrontMetricsExportAutoConfiguration:
      Did not match:
         - @ConditionalOnClass did not find required class 'io.micrometer.wavefront.WavefrontMeterRegistry' (OnClassCondition)

   WebClientAutoConfiguration:
      Did not match:
         - @ConditionalOnClass did not find required class 'org.springframework.web.reactive.function.client.WebClient' (OnClassCondition)

   WebClientMetricsConfiguration:
      Did not match:
         - @ConditionalOnClass did not find required class 'org.springframework.web.reactive.function.client.WebClient' (OnClassCondition)

   WebFluxAutoConfiguration:
      Did not match:
         - @ConditionalOnClass did not find required class 'org.springframework.web.reactive.config.WebFluxConfigurer' (OnClassCondition)

   WebFluxEndpointManagementContextConfiguration:
      Did not match:
         - @ConditionalOnClass did not find required class 'org.springframework.web.reactive.DispatcherHandler' (OnClassCondition)

   WebFluxMetricsAutoConfiguration:
      Did not match:
         - @ConditionalOnWebApplication did not find reactive web application classes (OnWebApplicationCondition)

   WebMvcAutoConfiguration.ResourceChainCustomizerConfiguration:
      Did not match:
         - @ConditionalOnEnabledResourceChain did not find class org.webjars.WebJarAssetLocator (OnEnabledResourceChainCondition)

   WebMvcAutoConfiguration.WebMvcAutoConfigurationAdapter#beanNameViewResolver:
      Did not match:
         - @ConditionalOnMissingBean (types: org.springframework.web.servlet.view.BeanNameViewResolver; SearchStrategy: all) found beans of type 'org.springframework.web.servlet.view.BeanNameViewResolver' beanNameViewResolver (OnBeanCondition)

   WebMvcAutoConfiguration.WebMvcAutoConfigurationAdapter#localeResolver:
      Did not match:
         - @ConditionalOnProperty (spring.mvc.locale) did not find property 'locale' (OnPropertyCondition)

   WebServiceTemplateAutoConfiguration:
      Did not match:
         - @ConditionalOnClass did not find required class 'org.springframework.oxm.Marshaller' (OnClassCondition)

   WebServicesAutoConfiguration:
      Did not match:
         - @ConditionalOnClass did not find required class 'org.springframework.ws.transport.http.MessageDispatcherServlet' (OnClassCondition)

   WebSocketMessagingAutoConfiguration:
      Did not match:
         - @ConditionalOnClass did not find required class 'org.springframework.web.socket.config.annotation.WebSocketMessageBrokerConfigurer' (OnClassCondition)

   WebSocketReactiveAutoConfiguration:
      Did not match:
         - @ConditionalOnWebApplication did not find reactive web application classes (OnWebApplicationCondition)

   WebSocketServletAutoConfiguration.JettyWebSocketConfiguration:
      Did not match:
         - @ConditionalOnClass did not find required class 'org.eclipse.jetty.websocket.jsr356.server.deploy.WebSocketServerContainerInitializer' (OnClassCondition)

   WebSocketServletAutoConfiguration.UndertowWebSocketConfiguration:
      Did not match:
         - @ConditionalOnClass did not find required class 'io.undertow.websockets.jsr.Bootstrap' (OnClassCondition)

   XADataSourceAutoConfiguration:
      Did not match:
         - @ConditionalOnClass did not find required class 'javax.transaction.TransactionManager' (OnClassCondition)


Exclusions:
-----------

    None


Unconditional classes:
----------------------

    org.springframework.boot.autoconfigure.context.ConfigurationPropertiesAutoConfiguration

    org.springframework.boot.actuate.autoconfigure.endpoint.jmx.JmxEndpointAutoConfiguration

    org.springframework.boot.actuate.autoconfigure.health.HealthIndicatorAutoConfiguration

    org.springframework.boot.actuate.autoconfigure.info.InfoContributorAutoConfiguration

    org.springframework.boot.autoconfigure.context.PropertyPlaceholderAutoConfiguration

    org.springframework.cloud.client.discovery.simple.SimpleDiscoveryClientAutoConfiguration

    org.springframework.cloud.client.CommonsClientAutoConfiguration

    org.springframework.cloud.commons.httpclient.HttpClientConfiguration

    org.springframework.boot.actuate.autoconfigure.endpoint.EndpointAutoConfiguration

    org.springframework.boot.actuate.autoconfigure.web.server.ManagementContextAutoConfiguration

    org.springframework.boot.actuate.autoconfigure.health.HealthEndpointAutoConfiguration

    org.springframework.cloud.client.discovery.composite.CompositeDiscoveryClientAutoConfiguration

    org.springframework.boot.actuate.autoconfigure.web.mappings.MappingsEndpointAutoConfiguration

    org.springframework.cloud.client.serviceregistry.ServiceRegistryAutoConfiguration

    org.springframework.cloud.autoconfigure.LifecycleMvcEndpointAutoConfiguration

    org.springframework.boot.actuate.autoconfigure.audit.AuditAutoConfiguration

    org.springframework.boot.autoconfigure.info.ProjectInfoAutoConfiguration



2019-07-04 22:25:02.360  INFO 1751 --- [    Test worker] c.t.r.api.RetailApiApplicationTests      : Started RetailApiApplicationTests in 5.24 seconds (JVM running for 6.09)
]]></system-out>
  <system-err><![CDATA[]]></system-err>
</testsuite>
